This is pdfTeX, Version 3.14159265-2.6-1.40.16 (TeX Live 2015/W32TeX) (preloaded format=pdflatex 2015.9.12)  13 DEC 2017 20:15
entering extended mode
 restricted \write18 enabled.
 %&-line parsing enabled.
**./JunXuThesis.tex
(./JunXuThesis.tex
LaTeX2e <2015/01/01> patch level 2
Babel <3.9m> and hyphenation patterns for 79 languages loaded.
(c:/Software/texlive/2015/texmf-dist/tex/latex/base/report.cls
Document Class: report 2014/09/29 v1.4h Standard LaTeX document class
(c:/Software/texlive/2015/texmf-dist/tex/latex/base/size12.clo
File: size12.clo 2014/09/29 v1.4h Standard LaTeX file (size option)
)
\c@part=\count79
\c@chapter=\count80
\c@section=\count81
\c@subsection=\count82
\c@subsubsection=\count83
\c@paragraph=\count84
\c@subparagraph=\count85
\c@figure=\count86
\c@table=\count87
\abovecaptionskip=\skip41
\belowcaptionskip=\skip42
\bibindent=\dimen102
)
(c:/Software/texlive/2015/texmf-dist/tex/latex/caption/caption.sty
Package: caption 2013/05/02 v3.3-89 Customizing captions (AR)

(c:/Software/texlive/2015/texmf-dist/tex/latex/caption/caption3.sty
Package: caption3 2013/05/02 v1.6-88 caption3 kernel (AR)
Package caption3 Info: TeX engine: e-TeX on input line 57.

(c:/Software/texlive/2015/texmf-dist/tex/latex/graphics/keyval.sty
Package: keyval 2014/10/28 v1.15 key=value parser (DPC)
\KV@toks@=\toks14
)
\captionmargin=\dimen103
\captionmargin@=\dimen104
\captionwidth=\dimen105
\caption@tempdima=\dimen106
\caption@indent=\dimen107
\caption@parindent=\dimen108
\caption@hangindent=\dimen109
)
\c@ContinuedFloat=\count88
)
(c:/Software/texlive/2015/texmf-dist/tex/latex/multirow/multirow.sty
\bigstrutjot=\dimen110
)
(c:/Software/texlive/2015/texmf-dist/tex/latex/appendix/appendix.sty
Package: appendix 2009/09/02 v1.2b extra appendix facilities
\c@@pps=\count89
\c@@ppsavesec=\count90
\c@@ppsaveapp=\count91
)
(c:/Software/texlive/2015/texmf-dist/tex/latex/graphics/graphicx.sty
Package: graphicx 2014/10/28 v1.0g Enhanced LaTeX Graphics (DPC,SPQR)

(c:/Software/texlive/2015/texmf-dist/tex/latex/graphics/graphics.sty
Package: graphics 2014/10/28 v1.0p Standard LaTeX Graphics (DPC,SPQR)

(c:/Software/texlive/2015/texmf-dist/tex/latex/graphics/trig.sty
Package: trig 1999/03/16 v1.09 sin cos tan (DPC)
)
(c:/Software/texlive/2015/texmf-dist/tex/latex/latexconfig/graphics.cfg
File: graphics.cfg 2010/04/23 v1.9 graphics configuration of TeX Live
)
Package graphics Info: Driver file: pdftex.def on input line 94.

(c:/Software/texlive/2015/texmf-dist/tex/latex/pdftex-def/pdftex.def
File: pdftex.def 2011/05/27 v0.06d Graphics/color for pdfTeX

(c:/Software/texlive/2015/texmf-dist/tex/generic/oberdiek/infwarerr.sty
Package: infwarerr 2010/04/08 v1.3 Providing info/warning/error messages (HO)
)
(c:/Software/texlive/2015/texmf-dist/tex/generic/oberdiek/ltxcmds.sty
Package: ltxcmds 2011/11/09 v1.22 LaTeX kernel commands for general use (HO)
)
\Gread@gobject=\count92
))
\Gin@req@height=\dimen111
\Gin@req@width=\dimen112
)
(c:/Software/texlive/2015/texmf-dist/tex/latex/amsmath/amsmath.sty
Package: amsmath 2013/01/14 v2.14 AMS math features
\@mathmargin=\skip43

For additional information on amsmath, use the `?' option.
(c:/Software/texlive/2015/texmf-dist/tex/latex/amsmath/amstext.sty
Package: amstext 2000/06/29 v2.01

(c:/Software/texlive/2015/texmf-dist/tex/latex/amsmath/amsgen.sty
File: amsgen.sty 1999/11/30 v2.0
\@emptytoks=\toks15
\ex@=\dimen113
))
(c:/Software/texlive/2015/texmf-dist/tex/latex/amsmath/amsbsy.sty
Package: amsbsy 1999/11/29 v1.2d
\pmbraise@=\dimen114
)
(c:/Software/texlive/2015/texmf-dist/tex/latex/amsmath/amsopn.sty
Package: amsopn 1999/12/14 v2.01 operator names
)
\inf@bad=\count93
LaTeX Info: Redefining \frac on input line 210.
\uproot@=\count94
\leftroot@=\count95
LaTeX Info: Redefining \overline on input line 306.
\classnum@=\count96
\DOTSCASE@=\count97
LaTeX Info: Redefining \ldots on input line 378.
LaTeX Info: Redefining \dots on input line 381.
LaTeX Info: Redefining \cdots on input line 466.
\Mathstrutbox@=\box26
\strutbox@=\box27
\big@size=\dimen115
LaTeX Font Info:    Redeclaring font encoding OML on input line 566.
LaTeX Font Info:    Redeclaring font encoding OMS on input line 567.
\macc@depth=\count98
\c@MaxMatrixCols=\count99
\dotsspace@=\muskip10
\c@parentequation=\count100
\dspbrk@lvl=\count101
\tag@help=\toks16
\row@=\count102
\column@=\count103
\maxfields@=\count104
\andhelp@=\toks17
\eqnshift@=\dimen116
\alignsep@=\dimen117
\tagshift@=\dimen118
\tagwidth@=\dimen119
\totwidth@=\dimen120
\lineht@=\dimen121
\@envbody=\toks18
\multlinegap=\skip44
\multlinetaggap=\skip45
\mathdisplay@stack=\toks19
LaTeX Info: Redefining \[ on input line 2665.
LaTeX Info: Redefining \] on input line 2666.
)
(c:/Software/texlive/2015/texmf-dist/tex/latex/smartref/smartref.sty
Package: smartref 2002/02/28 v1.9 Increase reference capability (deep reference
)
\c@@smartlistlen=\count105
\c@less@smartlist=\count106
\c@@currsmartlistplace=\count107
\sm@rtintern@ltok=\toks20
)
(c:/Software/texlive/2015/texmf-dist/tex/latex/smartref/byname.sty
Package: byname 2001/07/12 v1.1 Increase reference capability (reference by nam
e)
)
(c:/Software/texlive/2015/texmf-dist/tex/latex/txfonts/txfonts.sty
Package: txfonts 2008/01/22 v3.2.1
LaTeX Font Info:    Redeclaring symbol font `operators' on input line 21.
LaTeX Font Info:    Overwriting symbol font `operators' in version `normal'
(Font)                  OT1/cmr/m/n --> OT1/txr/m/n on input line 21.
LaTeX Font Info:    Overwriting symbol font `operators' in version `bold'
(Font)                  OT1/cmr/bx/n --> OT1/txr/m/n on input line 21.
LaTeX Font Info:    Overwriting symbol font `operators' in version `bold'
(Font)                  OT1/txr/m/n --> OT1/txr/bx/n on input line 22.
\symitalic=\mathgroup4
LaTeX Font Info:    Overwriting symbol font `italic' in version `bold'
(Font)                  OT1/txr/m/it --> OT1/txr/bx/it on input line 26.
LaTeX Font Info:    Redeclaring math alphabet \mathbf on input line 29.
LaTeX Font Info:    Overwriting math alphabet `\mathbf' in version `normal'
(Font)                  OT1/cmr/bx/n --> OT1/txr/bx/n on input line 29.
LaTeX Font Info:    Overwriting math alphabet `\mathbf' in version `bold'
(Font)                  OT1/cmr/bx/n --> OT1/txr/bx/n on input line 29.
LaTeX Font Info:    Redeclaring math alphabet \mathit on input line 30.
LaTeX Font Info:    Overwriting math alphabet `\mathit' in version `normal'
(Font)                  OT1/cmr/m/it --> OT1/txr/m/it on input line 30.
LaTeX Font Info:    Overwriting math alphabet `\mathit' in version `bold'
(Font)                  OT1/cmr/bx/it --> OT1/txr/m/it on input line 30.
LaTeX Font Info:    Overwriting math alphabet `\mathit' in version `bold'
(Font)                  OT1/txr/m/it --> OT1/txr/bx/it on input line 31.
LaTeX Font Info:    Redeclaring math alphabet \mathsf on input line 40.
LaTeX Font Info:    Overwriting math alphabet `\mathsf' in version `normal'
(Font)                  OT1/cmss/m/n --> OT1/txss/m/n on input line 40.
LaTeX Font Info:    Overwriting math alphabet `\mathsf' in version `bold'
(Font)                  OT1/cmss/bx/n --> OT1/txss/m/n on input line 40.
LaTeX Font Info:    Overwriting math alphabet `\mathsf' in version `bold'
(Font)                  OT1/txss/m/n --> OT1/txss/b/n on input line 41.
LaTeX Font Info:    Redeclaring math alphabet \mathtt on input line 50.
LaTeX Font Info:    Overwriting math alphabet `\mathtt' in version `normal'
(Font)                  OT1/cmtt/m/n --> OT1/txtt/m/n on input line 50.
LaTeX Font Info:    Overwriting math alphabet `\mathtt' in version `bold'
(Font)                  OT1/cmtt/m/n --> OT1/txtt/m/n on input line 50.
LaTeX Font Info:    Overwriting math alphabet `\mathtt' in version `bold'
(Font)                  OT1/txtt/m/n --> OT1/txtt/b/n on input line 51.
LaTeX Font Info:    Redeclaring symbol font `letters' on input line 58.
LaTeX Font Info:    Overwriting symbol font `letters' in version `normal'
(Font)                  OML/cmm/m/it --> OML/txmi/m/it on input line 58.
LaTeX Font Info:    Overwriting symbol font `letters' in version `bold'
(Font)                  OML/cmm/b/it --> OML/txmi/m/it on input line 58.
LaTeX Font Info:    Overwriting symbol font `letters' in version `bold'
(Font)                  OML/txmi/m/it --> OML/txmi/bx/it on input line 59.
\symlettersA=\mathgroup5
LaTeX Font Info:    Overwriting symbol font `lettersA' in version `bold'
(Font)                  U/txmia/m/it --> U/txmia/bx/it on input line 67.
LaTeX Font Info:    Redeclaring symbol font `symbols' on input line 77.
LaTeX Font Info:    Overwriting symbol font `symbols' in version `normal'
(Font)                  OMS/cmsy/m/n --> OMS/txsy/m/n on input line 77.
LaTeX Font Info:    Overwriting symbol font `symbols' in version `bold'
(Font)                  OMS/cmsy/b/n --> OMS/txsy/m/n on input line 77.
LaTeX Font Info:    Overwriting symbol font `symbols' in version `bold'
(Font)                  OMS/txsy/m/n --> OMS/txsy/bx/n on input line 78.
\symAMSa=\mathgroup6
LaTeX Font Info:    Overwriting symbol font `AMSa' in version `bold'
(Font)                  U/txsya/m/n --> U/txsya/bx/n on input line 94.
\symAMSb=\mathgroup7
LaTeX Font Info:    Overwriting symbol font `AMSb' in version `bold'
(Font)                  U/txsyb/m/n --> U/txsyb/bx/n on input line 103.
\symsymbolsC=\mathgroup8
LaTeX Font Info:    Overwriting symbol font `symbolsC' in version `bold'
(Font)                  U/txsyc/m/n --> U/txsyc/bx/n on input line 113.
LaTeX Font Info:    Redeclaring symbol font `largesymbols' on input line 120.
LaTeX Font Info:    Overwriting symbol font `largesymbols' in version `normal'
(Font)                  OMX/cmex/m/n --> OMX/txex/m/n on input line 120.
LaTeX Font Info:    Overwriting symbol font `largesymbols' in version `bold'
(Font)                  OMX/cmex/m/n --> OMX/txex/m/n on input line 120.
LaTeX Font Info:    Overwriting symbol font `largesymbols' in version `bold'
(Font)                  OMX/txex/m/n --> OMX/txex/bx/n on input line 121.
\symlargesymbolsA=\mathgroup9
LaTeX Font Info:    Overwriting symbol font `largesymbolsA' in version `bold'
(Font)                  U/txexa/m/n --> U/txexa/bx/n on input line 129.
LaTeX Info: Redefining \not on input line 1043.
)
(c:/Software/texlive/2015/texmf-dist/tex/latex/tocloft/tocloft.sty
Package: tocloft 2013/05/02 v2.3f parameterised ToC, etc., typesetting
Package tocloft Info: The document has chapter divisions on input line 44.
\cftparskip=\skip46
\cftbeforetoctitleskip=\skip47
\cftaftertoctitleskip=\skip48
\cftbeforepartskip=\skip49
\cftpartnumwidth=\skip50
\cftpartindent=\skip51
\cftbeforechapskip=\skip52
\cftchapindent=\skip53
\cftchapnumwidth=\skip54
\cftbeforesecskip=\skip55
\cftsecindent=\skip56
\cftsecnumwidth=\skip57
\cftbeforesubsecskip=\skip58
\cftsubsecindent=\skip59
\cftsubsecnumwidth=\skip60
\cftbeforesubsubsecskip=\skip61
\cftsubsubsecindent=\skip62
\cftsubsubsecnumwidth=\skip63
\cftbeforeparaskip=\skip64
\cftparaindent=\skip65
\cftparanumwidth=\skip66
\cftbeforesubparaskip=\skip67
\cftsubparaindent=\skip68
\cftsubparanumwidth=\skip69
\cftbeforeloftitleskip=\skip70
\cftafterloftitleskip=\skip71
\cftbeforefigskip=\skip72
\cftfigindent=\skip73
\cftfignumwidth=\skip74
\c@lofdepth=\count108
\c@lotdepth=\count109
\cftbeforelottitleskip=\skip75
\cftafterlottitleskip=\skip76
\cftbeforetabskip=\skip77
\cfttabindent=\skip78
\cfttabnumwidth=\skip79
)
(c:/Software/texlive/2015/texmf-dist/tex/latex/index/bibref.sty
(c:/Software/texlive/2015/texmf-dist/tex/latex/index/index.sty
Package: index 2004/01/20 v4.2beta Improved index support (dmj)
\@indexbox=\insert233
\indexproofstyle=\toks21
)
\idxtitle@@bib=\toks22
\tf@@bib=\write3
\openout3 = `JunXuThesis.bdx'.

Package index Info: Writing index file JunXuThesis.bdx on input line 68.
)
(c:/Software/texlive/2015/texmf-dist/tex/latex/graphics/lscape.sty
Package: lscape 2000/10/22 v3.01 Landscape Pages (DPC)
)
(c:/Software/texlive/2015/texmf-dist/tex/latex/graphics/color.sty
Package: color 2014/10/28 v1.1a Standard LaTeX Color (DPC)

(c:/Software/texlive/2015/texmf-dist/tex/latex/latexconfig/color.cfg
File: color.cfg 2007/01/18 v1.5 color configuration of teTeX/TeXLive
)
Package color Info: Driver file: pdftex.def on input line 142.
)
(c:/Software/texlive/2015/texmf-dist/tex/latex/cite/cite.sty
LaTeX Info: Redefining \cite on input line 302.
LaTeX Info: Redefining \nocite on input line 332.
Package: cite 2015/02/27  v 5.5
)
(c:/Software/texlive/2015/texmf-dist/tex/latex/tools/bm.sty
Package: bm 2014/10/28 v1.1c Bold Symbol Support (DPC/FMi)
\symboldoperators=\mathgroup10
\symboldletters=\mathgroup11
\symboldsymbols=\mathgroup12
\symboldlargesymbols=\mathgroup13
LaTeX Font Info:    Redeclaring math alphabet \mathbf on input line 141.
LaTeX Info: Redefining \bm on input line 207.
)
(c:/Software/texlive/2015/texmf-dist/tex/latex/algorithms/algorithmic.sty
Package: algorithmic 2009/08/24 v0.1 Document Style `algorithmic'

(c:/Software/texlive/2015/texmf-dist/tex/latex/base/ifthen.sty
Package: ifthen 2014/09/29 v1.1c Standard LaTeX ifthen package (DPC)
)
\c@ALC@unique=\count110
\c@ALC@line=\count111
\c@ALC@rem=\count112
\c@ALC@depth=\count113
\ALC@tlm=\skip80
\algorithmicindent=\skip81
)
(c:/Software/texlive/2015/texmf-dist/tex/latex/algorithms/algorithm.sty
Package: algorithm 2009/08/24 v0.1 Document Style `algorithm' - floating enviro
nment

(c:/Software/texlive/2015/texmf-dist/tex/latex/float/float.sty
Package: float 2001/11/08 v1.3d Float enhancements (AL)
\c@float@type=\count114
\float@exts=\toks23
\float@box=\box28
\@float@everytoks=\toks24
\@floatcapt=\box29
)
\@float@every@algorithm=\toks25
\c@algorithm=\count115
)
(c:/Software/texlive/2015/texmf-dist/tex/latex/tools/tabularx.sty
Package: tabularx 2014/10/28 v2.10 `tabularx' package (DPC)

(c:/Software/texlive/2015/texmf-dist/tex/latex/tools/array.sty
Package: array 2014/10/28 v2.4c Tabular extension package (FMi)
\col@sep=\dimen122
\extrarowheight=\dimen123
\NC@list=\toks26
\extratabsurround=\skip82
\backup@length=\skip83
)
\TX@col@width=\dimen124
\TX@old@table=\dimen125
\TX@old@col=\dimen126
\TX@target=\dimen127
\TX@delta=\dimen128
\TX@cols=\count116
\TX@ftn=\toks27
)
(c:/Software/texlive/2015/texmf-dist/tex/latex/tools/longtable.sty
Package: longtable 2014/10/28 v4.11 Multi-page Table package (DPC)
\LTleft=\skip84
\LTright=\skip85
\LTpre=\skip86
\LTpost=\skip87
\LTchunksize=\count117
\LTcapwidth=\dimen129
\LT@head=\box30
\LT@firsthead=\box31
\LT@foot=\box32
\LT@lastfoot=\box33
\LT@cols=\count118
\LT@rows=\count119
\c@LT@tables=\count120
\c@LT@chunks=\count121
\LT@p@ftn=\toks28
)
(c:/Software/texlive/2015/texmf-dist/tex/latex/url/url.sty
\Urlmuskip=\muskip11
Package: url 2013/09/16  ver 3.4  Verb mode for urls, etc.
)
(c:/Software/texlive/2015/texmf-dist/tex/latex/subfigure/subfigure.sty
Package: subfigure 2002/03/15 v2.1.5 subfigure package
\subfigtopskip=\skip88
\subfigcapskip=\skip89
\subfigcaptopadj=\dimen130
\subfigbottomskip=\skip90
\subfigcapmargin=\dimen131
\subfiglabelskip=\skip91
\c@subfigure=\count122
\c@lofdepth=\count123
\c@subtable=\count124
\c@lotdepth=\count125

****************************************
* Local config file subfigure.cfg used *
****************************************
(c:/Software/texlive/2015/texmf-dist/tex/latex/subfigure/subfigure.cfg)
\subfig@top=\skip92
\subfig@bottom=\skip93
)
\c@Lemma=\count126

(c:/Software/texlive/2015/texmf-dist/tex/latex/amsfonts/amssymb.sty
Package: amssymb 2013/01/14 v3.01 AMS font symbols

(c:/Software/texlive/2015/texmf-dist/tex/latex/amsfonts/amsfonts.sty
Package: amsfonts 2013/01/14 v3.01 Basic AMSFonts support
LaTeX Font Info:    Redeclaring symbol font `AMSa' on input line 59.
LaTeX Font Info:    Overwriting symbol font `AMSa' in version `normal'
(Font)                  U/txsya/m/n --> U/msa/m/n on input line 59.
LaTeX Font Info:    Overwriting symbol font `AMSa' in version `bold'
(Font)                  U/txsya/bx/n --> U/msa/m/n on input line 59.
LaTeX Font Info:    Redeclaring symbol font `AMSb' on input line 60.
LaTeX Font Info:    Overwriting symbol font `AMSb' in version `normal'
(Font)                  U/txsyb/m/n --> U/msb/m/n on input line 60.
LaTeX Font Info:    Overwriting symbol font `AMSb' in version `bold'
(Font)                  U/txsyb/bx/n --> U/msb/m/n on input line 60.
LaTeX Font Info:    Redeclaring math delimiter \ulcorner on input line 74.
LaTeX Font Info:    Redeclaring math delimiter \urcorner on input line 75.
LaTeX Font Info:    Redeclaring math delimiter \llcorner on input line 76.
LaTeX Font Info:    Redeclaring math delimiter \lrcorner on input line 77.
LaTeX Font Info:    Redeclaring math symbol \square on input line 141.
LaTeX Font Info:    Redeclaring math symbol \lozenge on input line 142.
)
LaTeX Font Info:    Redeclaring math symbol \boxdot on input line 44.
LaTeX Font Info:    Redeclaring math symbol \boxplus on input line 45.
LaTeX Font Info:    Redeclaring math symbol \boxtimes on input line 46.
LaTeX Font Info:    Redeclaring math symbol \blacksquare on input line 48.
LaTeX Font Info:    Redeclaring math symbol \centerdot on input line 49.
LaTeX Font Info:    Redeclaring math symbol \blacklozenge on input line 51.
LaTeX Font Info:    Redeclaring math symbol \circlearrowright on input line 52.

LaTeX Font Info:    Redeclaring math symbol \circlearrowleft on input line 53.
LaTeX Font Info:    Redeclaring math symbol \leftrightharpoons on input line 56
.
LaTeX Font Info:    Redeclaring math symbol \boxminus on input line 57.
LaTeX Font Info:    Redeclaring math symbol \Vdash on input line 58.
LaTeX Font Info:    Redeclaring math symbol \Vvdash on input line 59.
LaTeX Font Info:    Redeclaring math symbol \vDash on input line 60.
LaTeX Font Info:    Redeclaring math symbol \twoheadrightarrow on input line 61
.
LaTeX Font Info:    Redeclaring math symbol \twoheadleftarrow on input line 62.

LaTeX Font Info:    Redeclaring math symbol \leftleftarrows on input line 63.
LaTeX Font Info:    Redeclaring math symbol \rightrightarrows on input line 64.

LaTeX Font Info:    Redeclaring math symbol \upuparrows on input line 65.
LaTeX Font Info:    Redeclaring math symbol \downdownarrows on input line 66.
LaTeX Font Info:    Redeclaring math symbol \upharpoonright on input line 67.
LaTeX Font Info:    Redeclaring math symbol \downharpoonright on input line 69.

LaTeX Font Info:    Redeclaring math symbol \upharpoonleft on input line 70.
LaTeX Font Info:    Redeclaring math symbol \downharpoonleft on input line 71.
LaTeX Font Info:    Redeclaring math symbol \rightarrowtail on input line 72.
LaTeX Font Info:    Redeclaring math symbol \leftarrowtail on input line 73.
LaTeX Font Info:    Redeclaring math symbol \leftrightarrows on input line 74.
LaTeX Font Info:    Redeclaring math symbol \rightleftarrows on input line 75.
LaTeX Font Info:    Redeclaring math symbol \Lsh on input line 76.
LaTeX Font Info:    Redeclaring math symbol \Rsh on input line 77.
LaTeX Font Info:    Redeclaring math symbol \leftrightsquigarrow on input line 
79.
LaTeX Font Info:    Redeclaring math symbol \looparrowleft on input line 80.
LaTeX Font Info:    Redeclaring math symbol \looparrowright on input line 81.
LaTeX Font Info:    Redeclaring math symbol \circeq on input line 82.
LaTeX Font Info:    Redeclaring math symbol \succsim on input line 83.
LaTeX Font Info:    Redeclaring math symbol \gtrsim on input line 84.
LaTeX Font Info:    Redeclaring math symbol \gtrapprox on input line 85.
LaTeX Font Info:    Redeclaring math symbol \multimap on input line 86.
LaTeX Font Info:    Redeclaring math symbol \therefore on input line 87.
LaTeX Font Info:    Redeclaring math symbol \because on input line 88.
LaTeX Font Info:    Redeclaring math symbol \doteqdot on input line 89.
LaTeX Font Info:    Redeclaring math symbol \triangleq on input line 91.
LaTeX Font Info:    Redeclaring math symbol \precsim on input line 92.
LaTeX Font Info:    Redeclaring math symbol \lesssim on input line 93.
LaTeX Font Info:    Redeclaring math symbol \lessapprox on input line 94.
LaTeX Font Info:    Redeclaring math symbol \eqslantless on input line 95.
LaTeX Font Info:    Redeclaring math symbol \eqslantgtr on input line 96.
LaTeX Font Info:    Redeclaring math symbol \curlyeqprec on input line 97.
LaTeX Font Info:    Redeclaring math symbol \curlyeqsucc on input line 98.
LaTeX Font Info:    Redeclaring math symbol \preccurlyeq on input line 99.
LaTeX Font Info:    Redeclaring math symbol \leqq on input line 100.
LaTeX Font Info:    Redeclaring math symbol \leqslant on input line 101.
LaTeX Font Info:    Redeclaring math symbol \lessgtr on input line 102.
LaTeX Font Info:    Redeclaring math symbol \backprime on input line 103.
LaTeX Font Info:    Redeclaring math symbol \risingdotseq on input line 104.
LaTeX Font Info:    Redeclaring math symbol \fallingdotseq on input line 105.
LaTeX Font Info:    Redeclaring math symbol \succcurlyeq on input line 106.
LaTeX Font Info:    Redeclaring math symbol \geqq on input line 107.
LaTeX Font Info:    Redeclaring math symbol \geqslant on input line 108.
LaTeX Font Info:    Redeclaring math symbol \gtrless on input line 109.
LaTeX Font Info:    Redeclaring math symbol \bigstar on input line 117.
LaTeX Font Info:    Redeclaring math symbol \between on input line 118.
LaTeX Font Info:    Redeclaring math symbol \blacktriangledown on input line 11
9.
LaTeX Font Info:    Redeclaring math symbol \blacktriangleright on input line 1
20.
LaTeX Font Info:    Redeclaring math symbol \blacktriangleleft on input line 12
1.
LaTeX Font Info:    Redeclaring math symbol \vartriangle on input line 122.
LaTeX Font Info:    Redeclaring math symbol \blacktriangle on input line 123.
LaTeX Font Info:    Redeclaring math symbol \triangledown on input line 124.
LaTeX Font Info:    Redeclaring math symbol \eqcirc on input line 125.
LaTeX Font Info:    Redeclaring math symbol \lesseqgtr on input line 126.
LaTeX Font Info:    Redeclaring math symbol \gtreqless on input line 127.
LaTeX Font Info:    Redeclaring math symbol \lesseqqgtr on input line 128.
LaTeX Font Info:    Redeclaring math symbol \gtreqqless on input line 129.
LaTeX Font Info:    Redeclaring math symbol \Rrightarrow on input line 130.
LaTeX Font Info:    Redeclaring math symbol \Lleftarrow on input line 131.
LaTeX Font Info:    Redeclaring math symbol \veebar on input line 132.
LaTeX Font Info:    Redeclaring math symbol \barwedge on input line 133.
LaTeX Font Info:    Redeclaring math symbol \doublebarwedge on input line 134.
LaTeX Font Info:    Redeclaring math symbol \measuredangle on input line 137.
LaTeX Font Info:    Redeclaring math symbol \sphericalangle on input line 138.
LaTeX Font Info:    Redeclaring math symbol \varpropto on input line 139.
LaTeX Font Info:    Redeclaring math symbol \smallsmile on input line 140.
LaTeX Font Info:    Redeclaring math symbol \smallfrown on input line 141.
LaTeX Font Info:    Redeclaring math symbol \Subset on input line 142.
LaTeX Font Info:    Redeclaring math symbol \Supset on input line 143.
LaTeX Font Info:    Redeclaring math symbol \Cup on input line 144.
LaTeX Font Info:    Redeclaring math symbol \Cap on input line 146.
LaTeX Font Info:    Redeclaring math symbol \curlywedge on input line 148.
LaTeX Font Info:    Redeclaring math symbol \curlyvee on input line 149.
LaTeX Font Info:    Redeclaring math symbol \leftthreetimes on input line 150.
LaTeX Font Info:    Redeclaring math symbol \rightthreetimes on input line 151.

LaTeX Font Info:    Redeclaring math symbol \subseteqq on input line 152.
LaTeX Font Info:    Redeclaring math symbol \supseteqq on input line 153.
LaTeX Font Info:    Redeclaring math symbol \bumpeq on input line 154.
LaTeX Font Info:    Redeclaring math symbol \Bumpeq on input line 155.
LaTeX Font Info:    Redeclaring math symbol \lll on input line 156.
LaTeX Font Info:    Redeclaring math symbol \ggg on input line 158.
LaTeX Font Info:    Redeclaring math symbol \circledS on input line 160.
LaTeX Font Info:    Redeclaring math symbol \pitchfork on input line 161.
LaTeX Font Info:    Redeclaring math symbol \dotplus on input line 162.
LaTeX Font Info:    Redeclaring math symbol \backsim on input line 163.
LaTeX Font Info:    Redeclaring math symbol \backsimeq on input line 164.
LaTeX Font Info:    Redeclaring math symbol \complement on input line 165.
LaTeX Font Info:    Redeclaring math symbol \intercal on input line 166.
LaTeX Font Info:    Redeclaring math symbol \circledcirc on input line 167.
LaTeX Font Info:    Redeclaring math symbol \circledast on input line 168.
LaTeX Font Info:    Redeclaring math symbol \circleddash on input line 169.
LaTeX Font Info:    Redeclaring math symbol \lvertneqq on input line 171.
LaTeX Font Info:    Redeclaring math symbol \gvertneqq on input line 172.
LaTeX Font Info:    Redeclaring math symbol \nleq on input line 173.
LaTeX Font Info:    Redeclaring math symbol \ngeq on input line 174.
LaTeX Font Info:    Redeclaring math symbol \nless on input line 175.
LaTeX Font Info:    Redeclaring math symbol \ngtr on input line 176.
LaTeX Font Info:    Redeclaring math symbol \nprec on input line 177.
LaTeX Font Info:    Redeclaring math symbol \nsucc on input line 178.
LaTeX Font Info:    Redeclaring math symbol \lneqq on input line 179.
LaTeX Font Info:    Redeclaring math symbol \gneqq on input line 180.
LaTeX Font Info:    Redeclaring math symbol \nleqslant on input line 181.
LaTeX Font Info:    Redeclaring math symbol \ngeqslant on input line 182.
LaTeX Font Info:    Redeclaring math symbol \lneq on input line 183.
LaTeX Font Info:    Redeclaring math symbol \gneq on input line 184.
LaTeX Font Info:    Redeclaring math symbol \npreceq on input line 185.
LaTeX Font Info:    Redeclaring math symbol \nsucceq on input line 186.
LaTeX Font Info:    Redeclaring math symbol \precnsim on input line 187.
LaTeX Font Info:    Redeclaring math symbol \succnsim on input line 188.
LaTeX Font Info:    Redeclaring math symbol \lnsim on input line 189.
LaTeX Font Info:    Redeclaring math symbol \gnsim on input line 190.
LaTeX Font Info:    Redeclaring math symbol \nleqq on input line 191.
LaTeX Font Info:    Redeclaring math symbol \ngeqq on input line 192.
LaTeX Font Info:    Redeclaring math symbol \precneqq on input line 193.
LaTeX Font Info:    Redeclaring math symbol \succneqq on input line 194.
LaTeX Font Info:    Redeclaring math symbol \precnapprox on input line 195.
LaTeX Font Info:    Redeclaring math symbol \succnapprox on input line 196.
LaTeX Font Info:    Redeclaring math symbol \lnapprox on input line 197.
LaTeX Font Info:    Redeclaring math symbol \gnapprox on input line 198.
LaTeX Font Info:    Redeclaring math symbol \nsim on input line 199.
LaTeX Font Info:    Redeclaring math symbol \ncong on input line 200.
LaTeX Font Info:    Redeclaring math symbol \diagup on input line 201.
LaTeX Font Info:    Redeclaring math symbol \diagdown on input line 202.
LaTeX Font Info:    Redeclaring math symbol \varsubsetneq on input line 203.
LaTeX Font Info:    Redeclaring math symbol \varsupsetneq on input line 204.
LaTeX Font Info:    Redeclaring math symbol \nsubseteqq on input line 205.
LaTeX Font Info:    Redeclaring math symbol \nsupseteqq on input line 206.
LaTeX Font Info:    Redeclaring math symbol \subsetneqq on input line 207.
LaTeX Font Info:    Redeclaring math symbol \supsetneqq on input line 208.
LaTeX Font Info:    Redeclaring math symbol \varsubsetneqq on input line 209.
LaTeX Font Info:    Redeclaring math symbol \varsupsetneqq on input line 210.
LaTeX Font Info:    Redeclaring math symbol \subsetneq on input line 211.
LaTeX Font Info:    Redeclaring math symbol \supsetneq on input line 212.
LaTeX Font Info:    Redeclaring math symbol \nsubseteq on input line 213.
LaTeX Font Info:    Redeclaring math symbol \nsupseteq on input line 214.
LaTeX Font Info:    Redeclaring math symbol \nparallel on input line 215.
LaTeX Font Info:    Redeclaring math symbol \nmid on input line 216.
LaTeX Font Info:    Redeclaring math symbol \nshortmid on input line 217.
LaTeX Font Info:    Redeclaring math symbol \nshortparallel on input line 218.
LaTeX Font Info:    Redeclaring math symbol \nvdash on input line 219.
LaTeX Font Info:    Redeclaring math symbol \nVdash on input line 220.
LaTeX Font Info:    Redeclaring math symbol \nvDash on input line 221.
LaTeX Font Info:    Redeclaring math symbol \nVDash on input line 222.
LaTeX Font Info:    Redeclaring math symbol \ntrianglerighteq on input line 223
.
LaTeX Font Info:    Redeclaring math symbol \ntrianglelefteq on input line 224.

LaTeX Font Info:    Redeclaring math symbol \ntriangleleft on input line 225.
LaTeX Font Info:    Redeclaring math symbol \ntriangleright on input line 226.
LaTeX Font Info:    Redeclaring math symbol \nleftarrow on input line 227.
LaTeX Font Info:    Redeclaring math symbol \nrightarrow on input line 228.
LaTeX Font Info:    Redeclaring math symbol \nLeftarrow on input line 229.
LaTeX Font Info:    Redeclaring math symbol \nRightarrow on input line 230.
LaTeX Font Info:    Redeclaring math symbol \nLeftrightarrow on input line 231.

LaTeX Font Info:    Redeclaring math symbol \nleftrightarrow on input line 232.

LaTeX Font Info:    Redeclaring math symbol \divideontimes on input line 233.
LaTeX Font Info:    Redeclaring math symbol \varnothing on input line 234.
LaTeX Font Info:    Redeclaring math symbol \nexists on input line 235.
LaTeX Font Info:    Redeclaring math symbol \Finv on input line 236.
LaTeX Font Info:    Redeclaring math symbol \Game on input line 237.
LaTeX Font Info:    Redeclaring math symbol \eth on input line 240.
LaTeX Font Info:    Redeclaring math symbol \eqsim on input line 241.
LaTeX Font Info:    Redeclaring math symbol \beth on input line 242.
LaTeX Font Info:    Redeclaring math symbol \gimel on input line 243.
LaTeX Font Info:    Redeclaring math symbol \daleth on input line 244.
LaTeX Font Info:    Redeclaring math symbol \lessdot on input line 245.
LaTeX Font Info:    Redeclaring math symbol \gtrdot on input line 246.
LaTeX Font Info:    Redeclaring math symbol \ltimes on input line 247.
LaTeX Font Info:    Redeclaring math symbol \rtimes on input line 248.
LaTeX Font Info:    Redeclaring math symbol \shortmid on input line 249.
LaTeX Font Info:    Redeclaring math symbol \shortparallel on input line 250.
LaTeX Font Info:    Redeclaring math symbol \smallsetminus on input line 251.
LaTeX Font Info:    Redeclaring math symbol \thicksim on input line 252.
LaTeX Font Info:    Redeclaring math symbol \thickapprox on input line 253.
LaTeX Font Info:    Redeclaring math symbol \approxeq on input line 254.
LaTeX Font Info:    Redeclaring math symbol \succapprox on input line 255.
LaTeX Font Info:    Redeclaring math symbol \precapprox on input line 256.
LaTeX Font Info:    Redeclaring math symbol \curvearrowleft on input line 257.
LaTeX Font Info:    Redeclaring math symbol \curvearrowright on input line 258.

LaTeX Font Info:    Redeclaring math symbol \digamma on input line 259.
LaTeX Font Info:    Redeclaring math symbol \varkappa on input line 260.
LaTeX Font Info:    Redeclaring math symbol \Bbbk on input line 261.
LaTeX Font Info:    Redeclaring math symbol \hslash on input line 262.
LaTeX Font Info:    Redeclaring math symbol \backepsilon on input line 265.
)
(c:/Software/texlive/2015/texmf-dist/tex/latex/natbib/natbib.sty
Package: natbib 2010/09/13 8.31b (PWD, AO)


Package natbib Warning: The `cite' package should not be used
(natbib)                with natbib. Use option `sort' instead.

\bibhang=\skip94
\bibsep=\skip95
LaTeX Info: Redefining \cite on input line 694.
LaTeX Info: Redefining \citenum on input line 708.
\c@NAT@ctr=\count127
) (c:/Software/texlive/2015/texmf-dist/tex/latex/changepage/changepage.sty
Package: changepage 2009/10/20 v1.0c check page and change page layout
\c@cp@cntr=\count128
\cp@tempcnt=\count129
)
(c:/Software/texlive/2015/texmf-dist/tex/latex/arydshln/arydshln.sty
Package: arydshln 2004/08/31 v1.71 
\dashlinedash=\dimen132
\dashlinegap=\dimen133
\adl@box=\box34
\adl@height=\dimen134
\adl@heightsave=\dimen135
\adl@depth=\dimen136
\adl@depthsave=\dimen137
\adl@finaldepth=\dimen138
\adl@columns=\count130
\adl@ncol=\count131
\adl@currentcolumn=\count132
\adl@currentcolumnsave=\count133
\adl@totalheight=\count134
\adl@totalheightsave=\count135
\adl@dash=\count136
\adl@gap=\count137
\adl@cla=\count138
\adl@clb=\count139
\adl@everyvbox=\toks29
\adl@LTpagetotal=\dimen139
)
(c:/Software/texlive/2015/texmf-dist/tex/latex/titlesec/titlesec.sty
Package: titlesec 2011/12/15 v2.10.0 Sectioning titles
\ttl@box=\box35
\beforetitleunit=\skip96
\aftertitleunit=\skip97
\ttl@plus=\dimen140
\ttl@minus=\dimen141
\ttl@toksa=\toks30
\titlewidth=\dimen142
\titlewidthlast=\dimen143
\titlewidthfirst=\dimen144
)
(c:/Software/texlive/2015/texmf-dist/tex/latex/hyperref/hyperref.sty
Package: hyperref 2012/11/06 v6.83m Hypertext links for LaTeX

(c:/Software/texlive/2015/texmf-dist/tex/generic/oberdiek/hobsub-hyperref.sty
Package: hobsub-hyperref 2012/05/28 v1.13 Bundle oberdiek, subset hyperref (HO)


(c:/Software/texlive/2015/texmf-dist/tex/generic/oberdiek/hobsub-generic.sty
Package: hobsub-generic 2012/05/28 v1.13 Bundle oberdiek, subset generic (HO)
Package: hobsub 2012/05/28 v1.13 Construct package bundles (HO)
Package hobsub Info: Skipping package `infwarerr' (already loaded).
Package hobsub Info: Skipping package `ltxcmds' (already loaded).
Package: ifluatex 2010/03/01 v1.3 Provides the ifluatex switch (HO)
Package ifluatex Info: LuaTeX not detected.
Package: ifvtex 2010/03/01 v1.5 Detect VTeX and its facilities (HO)
Package ifvtex Info: VTeX not detected.
Package: intcalc 2007/09/27 v1.1 Expandable calculations with integers (HO)
Package: ifpdf 2011/01/30 v2.3 Provides the ifpdf switch (HO)
Package ifpdf Info: pdfTeX in PDF mode is detected.
Package: etexcmds 2011/02/16 v1.5 Avoid name clashes with e-TeX commands (HO)
Package etexcmds Info: Could not find \expanded.
(etexcmds)             That can mean that you are not using pdfTeX 1.50 or
(etexcmds)             that some package has redefined \expanded.
(etexcmds)             In the latter case, load this package earlier.
Package: kvsetkeys 2012/04/25 v1.16 Key value parser (HO)
Package: kvdefinekeys 2011/04/07 v1.3 Define keys (HO)
Package: pdftexcmds 2011/11/29 v0.20 Utility functions of pdfTeX for LuaTeX (HO
)
Package pdftexcmds Info: LuaTeX not detected.
Package pdftexcmds Info: \pdf@primitive is available.
Package pdftexcmds Info: \pdf@ifprimitive is available.
Package pdftexcmds Info: \pdfdraftmode found.
Package: pdfescape 2011/11/25 v1.13 Implements pdfTeX's escape features (HO)
Package: bigintcalc 2012/04/08 v1.3 Expandable calculations on big integers (HO
)
Package: bitset 2011/01/30 v1.1 Handle bit-vector datatype (HO)
Package: uniquecounter 2011/01/30 v1.2 Provide unlimited unique counter (HO)
)
Package hobsub Info: Skipping package `hobsub' (already loaded).
Package: letltxmacro 2010/09/02 v1.4 Let assignment for LaTeX macros (HO)
Package: hopatch 2012/05/28 v1.2 Wrapper for package hooks (HO)
Package: xcolor-patch 2011/01/30 xcolor patch
Package: atveryend 2011/06/30 v1.8 Hooks at the very end of document (HO)
Package atveryend Info: \enddocument detected (standard20110627).
Package: atbegshi 2011/10/05 v1.16 At begin shipout hook (HO)
Package: refcount 2011/10/16 v3.4 Data extraction from label references (HO)
Package: hycolor 2011/01/30 v1.7 Color options for hyperref/bookmark (HO)
)
(c:/Software/texlive/2015/texmf-dist/tex/generic/ifxetex/ifxetex.sty
Package: ifxetex 2010/09/12 v0.6 Provides ifxetex conditional
)
(c:/Software/texlive/2015/texmf-dist/tex/latex/oberdiek/auxhook.sty
Package: auxhook 2011/03/04 v1.3 Hooks for auxiliary files (HO)
)
(c:/Software/texlive/2015/texmf-dist/tex/latex/oberdiek/kvoptions.sty
Package: kvoptions 2011/06/30 v3.11 Key value format for package options (HO)
)
\@linkdim=\dimen145
\Hy@linkcounter=\count140
\Hy@pagecounter=\count141

(c:/Software/texlive/2015/texmf-dist/tex/latex/hyperref/pd1enc.def
File: pd1enc.def 2012/11/06 v6.83m Hyperref: PDFDocEncoding definition (HO)
)
\Hy@SavedSpaceFactor=\count142

(c:/Software/texlive/2015/texmf-dist/tex/latex/latexconfig/hyperref.cfg
File: hyperref.cfg 2002/06/06 v1.2 hyperref configuration of TeXLive
)
Package hyperref Info: Option `breaklinks' set `true' on input line 4319.


Package hyperref Warning: Option `letterpaper' is no longer used.

Package hyperref Info: Option `colorlinks' set `true' on input line 4319.
Package hyperref Info: Option `bookmarks' set `false' on input line 4319.
Package hyperref Info: Hyper figures OFF on input line 4443.
Package hyperref Info: Link nesting OFF on input line 4448.
Package hyperref Info: Hyper index ON on input line 4451.
Package hyperref Info: Plain pages OFF on input line 4458.
Package hyperref Info: Backreferencing ON on input line 4461.
Package hyperref Info: Implicit mode ON; LaTeX internals redefined.
Package hyperref Info: Bookmarks OFF on input line 4694.
(c:/Software/texlive/2015/texmf-dist/tex/latex/hyperref/backref.sty
Package: backref 2012/07/25 v1.38 Bibliographical back referencing

(c:/Software/texlive/2015/texmf-dist/tex/latex/oberdiek/rerunfilecheck.sty
Package: rerunfilecheck 2011/04/15 v1.7 Rerun checks for auxiliary files (HO)
Package uniquecounter Info: New unique counter `rerunfilecheck' on input line 2
82.
))
\c@Hy@tempcnt=\count143
LaTeX Info: Redefining \url on input line 5041.
\XeTeXLinkMargin=\dimen146
\Fld@menulength=\count144
\Field@Width=\dimen147
\Fld@charsize=\dimen148
Package hyperref Info: Hyper figures OFF on input line 6295.
Package hyperref Info: Link nesting OFF on input line 6300.
Package hyperref Info: Hyper index ON on input line 6303.
Package hyperref Info: backreferencing ON on input line 6308.
Package hyperref Info: Link coloring ON on input line 6313.
Package hyperref Info: Link coloring with OCG OFF on input line 6320.
Package hyperref Info: PDF/A mode OFF on input line 6325.
LaTeX Info: Redefining \ref on input line 6365.
LaTeX Info: Redefining \pageref on input line 6369.
\Hy@abspage=\count145
\c@Item=\count146
\c@Hfootnote=\count147
)

Package hyperref Message: Driver (autodetected): hpdftex.

(c:/Software/texlive/2015/texmf-dist/tex/latex/hyperref/hpdftex.def
File: hpdftex.def 2012/11/06 v6.83m Hyperref driver for pdfTeX
\Fld@listcount=\count148
\c@bookmark@seq@number=\count149
\Hy@SectionHShift=\skip98
)
Defining \sgetchapterval ...
Defining \schapterref ...
Defining \srefchapterref ...
Defining \chapterref ...
\c@theorem=\count150
\c@myappendices=\count151
\cftbeforemyappendicesskip=\skip99
\cftmyappendicesindent=\skip100
\cftmyappendicesnumwidth=\skip101
\c@appdepth=\count152
\cftbeforeapptitleskip=\skip102
\cftafterapptitleskip=\skip103
(./JunXuThesis.aux (./acknowledgement.aux) (./chapter1.aux) (./chapter2.aux)
(./chapter3.aux) (./chapter4.aux) (./chapter5.aux) (./chapter6.aux)
(./chapter7.aux) (./chapter8.aux))
\openout1 = `JunXuThesis.aux'.

LaTeX Font Info:    Checking defaults for OML/txmi/m/it on input line 351.
LaTeX Font Info:    Try loading font information for OML+txmi on input line 351
.

(c:/Software/texlive/2015/texmf-dist/tex/latex/txfonts/omltxmi.fd
File: omltxmi.fd 2000/12/15 v3.1
)
LaTeX Font Info:    ... okay on input line 351.
LaTeX Font Info:    Checking defaults for T1/cmr/m/n on input line 351.
LaTeX Font Info:    ... okay on input line 351.
LaTeX Font Info:    Checking defaults for OT1/cmr/m/n on input line 351.
LaTeX Font Info:    ... okay on input line 351.
LaTeX Font Info:    Checking defaults for OMS/txsy/m/n on input line 351.
LaTeX Font Info:    Try loading font information for OMS+txsy on input line 351
.

(c:/Software/texlive/2015/texmf-dist/tex/latex/txfonts/omstxsy.fd
File: omstxsy.fd 2000/12/15 v3.1
)
LaTeX Font Info:    ... okay on input line 351.
LaTeX Font Info:    Checking defaults for OMX/txex/m/n on input line 351.
LaTeX Font Info:    Try loading font information for OMX+txex on input line 351
.

(c:/Software/texlive/2015/texmf-dist/tex/latex/txfonts/omxtxex.fd
File: omxtxex.fd 2000/12/15 v3.1
)
LaTeX Font Info:    ... okay on input line 351.
LaTeX Font Info:    Checking defaults for U/txexa/m/n on input line 351.
LaTeX Font Info:    Try loading font information for U+txexa on input line 351.


(c:/Software/texlive/2015/texmf-dist/tex/latex/txfonts/utxexa.fd
File: utxexa.fd 2000/12/15 v3.1
)
LaTeX Font Info:    ... okay on input line 351.
LaTeX Font Info:    Checking defaults for PD1/pdf/m/n on input line 351.
LaTeX Font Info:    ... okay on input line 351.
LaTeX Font Info:    Try loading font information for OT1+txr on input line 351.


(c:/Software/texlive/2015/texmf-dist/tex/latex/txfonts/ot1txr.fd
File: ot1txr.fd 2000/12/15 v3.1
)
Package caption Info: Begin \AtBeginDocument code.
Package caption Info: float package is loaded.
Package caption Info: hyperref package is loaded.
Package caption Info: longtable package is loaded.

(c:/Software/texlive/2015/texmf-dist/tex/latex/caption/ltcaption.sty
Package: ltcaption 2013/02/03 v1.3-62 longtable captions (AR)
)
Package caption Info: subfigure package is loaded.
Package caption Info: End \AtBeginDocument code.

(c:/Software/texlive/2015/texmf-dist/tex/context/base/supp-pdf.mkii
[Loading MPS to PDF converter (version 2006.09.02).]
\scratchcounter=\count153
\scratchdimen=\dimen149
\scratchbox=\box36
\nofMPsegments=\count154
\nofMParguments=\count155
\everyMPshowfont=\toks31
\MPscratchCnt=\count156
\MPscratchDim=\dimen150
\MPnumerator=\count157
\makeMPintoPDFobject=\count158
\everyMPtoPDFconversion=\toks32
) (c:/Software/texlive/2015/texmf-dist/tex/latex/oberdiek/epstopdf-base.sty
Package: epstopdf-base 2010/02/09 v2.5 Base part for package epstopdf

(c:/Software/texlive/2015/texmf-dist/tex/latex/oberdiek/grfext.sty
Package: grfext 2010/08/19 v1.1 Manage graphics extensions (HO)
)
Package grfext Info: Graphics extension search list:
(grfext)             [.png,.pdf,.jpg,.mps,.jpeg,.jbig2,.jb2,.PNG,.PDF,.JPG,.JPE
G,.JBIG2,.JB2,.eps]
(grfext)             \AppendGraphicsExtensions on input line 452.

(c:/Software/texlive/2015/texmf-dist/tex/latex/latexconfig/epstopdf-sys.cfg
File: epstopdf-sys.cfg 2010/07/13 v1.3 Configuration of (r)epstopdf for TeX Liv
e
))
\AtBeginShipoutBox=\box37
Package backref Info: ** backref set up for natbib ** on input line 351.
Package hyperref Info: Link coloring ON on input line 351.

(c:/Software/texlive/2015/texmf-dist/tex/latex/hyperref/nameref.sty
Package: nameref 2012/10/27 v2.43 Cross-referencing by name of section

(c:/Software/texlive/2015/texmf-dist/tex/generic/oberdiek/gettitlestring.sty
Package: gettitlestring 2010/12/03 v1.4 Cleanup title references (HO)
)
\c@section@level=\count159
)
LaTeX Info: Redefining \ref on input line 351.
LaTeX Info: Redefining \pageref on input line 351.
LaTeX Info: Redefining \nameref on input line 351.

[1


{c:/Software/texlive/2015/texmf-var/fonts/map/pdftex/updmap/pdftex.map}]
Underfull \hbox (badness 10000) in paragraph at lines 366--366

 []


Underfull \hbox (badness 10000) in paragraph at lines 366--366

 []


Underfull \hbox (badness 10000) in paragraph at lines 366--366

 []


Underfull \hbox (badness 10000) in paragraph at lines 366--366

 []

LaTeX Font Info:    Try loading font information for U+txmia on input line 366.

(c:/Software/texlive/2015/texmf-dist/tex/latex/txfonts/utxmia.fd
File: utxmia.fd 2000/12/15 v3.1
)
LaTeX Font Info:    Try loading font information for U+msa on input line 366.

(c:/Software/texlive/2015/texmf-dist/tex/latex/amsfonts/umsa.fd
File: umsa.fd 2013/01/14 v3.01 AMS symbols A
)
LaTeX Font Info:    Try loading font information for U+msb on input line 366.

(c:/Software/texlive/2015/texmf-dist/tex/latex/amsfonts/umsb.fd
File: umsb.fd 2013/01/14 v3.01 AMS symbols B
)
LaTeX Font Info:    Try loading font information for U+txsyc on input line 366.


(c:/Software/texlive/2015/texmf-dist/tex/latex/txfonts/utxsyc.fd
File: utxsyc.fd 2000/12/15 v3.1
)
Underfull \hbox (badness 10000) in paragraph at lines 366--366

 []


Underfull \hbox (badness 10000) in paragraph at lines 366--366

 []


Underfull \hbox (badness 10000) in paragraph at lines 366--366

 []


Underfull \hbox (badness 10000) in paragraph at lines 366--366

 []

[2] [3]
Underfull \vbox (badness 10000) has occurred while \output is active []

 [4]
[5] [6]
\openout2 = `acknowledgement.aux'.

 (./acknowledgement.tex) [7

] (./JunXuThesis.toc [8

] [9]
Underfull \vbox (badness 4454) has occurred while \output is active []

 [10]
[11])
\tf@toc=\write4
\openout4 = `JunXuThesis.toc'.

 [12] (./JunXuThesis.lof
Underfull \vbox (badness 10000) has occurred while \output is active []

 [13]
Underfull \vbox (badness 10000) has occurred while \output is active []

 [14]
Underfull \vbox (badness 10000) has occurred while \output is active []

 [15]
Underfull \vbox (badness 10000) has occurred while \output is active []

 [16]
Underfull \vbox (badness 10000) has occurred while \output is active []

 [17]
Underfull \vbox (badness 10000) has occurred while \output is active []

 [18]
Underfull \vbox (badness 10000) has occurred while \output is active []

 [19])
\tf@lof=\write5
\openout5 = `JunXuThesis.lof'.


[20] (./JunXuThesis.lot
Underfull \vbox (badness 10000) has occurred while \output is active []

 [21]
Underfull \vbox (badness 10000) has occurred while \output is active []

 [22])
\tf@lot=\write6
\openout6 = `JunXuThesis.lot'.


[23]
\openout2 = `chapter1.aux'.

 (./chapter1.tex
Chapter 1.
[1



]
Missing character: There is no ã in font txr!
Missing character: There is no € in font txr!
Missing character: There is no ‚ in font txr!
 [2]
Underfull \vbox (badness 10000) has occurred while \output is active []

 [3]
Underfull \vbox (badness 10000) has occurred while \output is active []

 [4]
[5]
Underfull \vbox (badness 10000) has occurred while \output is active []

 [6]
Overfull \hbox (0.77423pt too wide) in paragraph at lines 85--86
\OT1/txr/m/n/12 In this sec-tion, we will re-view the ex-ist-ing meth-ods of im
-age de-nois-ing dur-ing the past decades.
 []

[7]
Underfull \vbox (badness 10000) has occurred while \output is active []

 [8]
Underfull \vbox (badness 10000) has occurred while \output is active []

 [9]
[10]
Underfull \vbox (badness 10000) has occurred while \output is active []

 [11]
<images/ThesisOrganization.pdf, id=952, 844.65562pt x 596.98032pt>
File: images/ThesisOrganization.pdf Graphic file (type pdf)

<use images/ThesisOrganization.pdf>
Package pdftex.def Info: images/ThesisOrganization.pdf used on input line 129.
(pdftex.def)             Requested size: 448.07378pt x 316.68954pt.
 [12] [13 <./images/ThesisOrganization.pdf>]
Underfull \vbox (badness 10000) has occurred while \output is active []

 [14])
[15]
\openout2 = `chapter2.aux'.

 (./chapter2.tex
Chapter 2.
<images/pgpd/flowchart2.png, id=1032, 828.9369pt x 602.9727pt>
File: images/pgpd/flowchart2.png Graphic file (type png)

<use images/pgpd/flowchart2.png>
Package pdftex.def Info: images/pgpd/flowchart2.png used on input line 11.
(pdftex.def)             Requested size: 358.46039pt x 260.7545pt.

Underfull \vbox (badness 5388) has occurred while \output is active []

 [16



]
Underfull \vbox (badness 10000) has occurred while \output is active []

 [17 <./images/pgpd/flowchart2.png>]
Underfull \vbox (badness 10000) has occurred while \output is active []

 [18]
[19] <images/pgpd/2pgs.png, id=1112, 809.1831pt x 523.9575pt>
File: images/pgpd/2pgs.png Graphic file (type png)

<use images/pgpd/2pgs.png>
Package pdftex.def Info: images/pgpd/2pgs.png used on input line 51.
(pdftex.def)             Requested size: 313.65027pt x 203.09538pt.
 [20] [21 <./images/pgpd/2pgs.png>]
LaTeX Font Info:    Try loading font information for OT1+txtt on input line 86.


(c:/Software/texlive/2015/texmf-dist/tex/latex/txfonts/ot1txtt.fd
File: ot1txtt.fd 2000/12/15 v3.1
)
<images/pgpd/cvgc.png, id=1142, 508.90125pt x 298.11375pt>
File: images/pgpd/cvgc.png Graphic file (type png)

<use images/pgpd/cvgc.png>
Package pdftex.def Info: images/pgpd/cvgc.png used on input line 89.
(pdftex.def)             Requested size: 336.05533pt x 196.8694pt.

Underfull \vbox (badness 1226) has occurred while \output is active []

 [22]
Underfull \vbox (badness 5403) has occurred while \output is active []

 [23 <./images/pgpd/cvgc.png (PNG copy)>] [24]
<images/pgpd/dics.png, id=1173, 809.30354pt x 266.55585pt>
File: images/pgpd/dics.png Graphic file (type png)

<use images/pgpd/dics.png>
Package pdftex.def Info: images/pgpd/dics.png used on input line 134.
(pdftex.def)             Requested size: 448.07378pt x 147.5823pt.
 [25] [26 <./images/pgpd/dics.png>] [27]
Underfull \vbox (badness 10000) has occurred while \output is active []

 [28]
<images/pgpd/airfield.png, id=1219, 256.96pt x 256.96pt>
File: images/pgpd/airfield.png Graphic file (type png)

<use images/pgpd/airfield.png>
Package pdftex.def Info: images/pgpd/airfield.png used on input line 267.
(pdftex.def)             Requested size: 40.325pt x 40.32242pt.

<images/pgpd/airplane.png, id=1220, 256.96pt x 256.96pt>
File: images/pgpd/airplane.png Graphic file (type png)

<use images/pgpd/airplane.png>
Package pdftex.def Info: images/pgpd/airplane.png used on input line 267.
(pdftex.def)             Requested size: 40.325pt x 40.32242pt.

<images/pgpd/baboon.png, id=1221, 256.96pt x 256.96pt>
File: images/pgpd/baboon.png Graphic file (type png)

<use images/pgpd/baboon.png>
Package pdftex.def Info: images/pgpd/baboon.png used on input line 267.
(pdftex.def)             Requested size: 40.325pt x 40.32242pt.

<images/pgpd/barbara.png, id=1222, 256.96pt x 256.96pt>
File: images/pgpd/barbara.png Graphic file (type png)

<use images/pgpd/barbara.png>
Package pdftex.def Info: images/pgpd/barbara.png used on input line 267.
(pdftex.def)             Requested size: 40.325pt x 40.32242pt.

<images/pgpd/boat.png, id=1223, 256.96pt x 256.96pt>
File: images/pgpd/boat.png Graphic file (type png)

<use images/pgpd/boat.png>
Package pdftex.def Info: images/pgpd/boat.png used on input line 267.
(pdftex.def)             Requested size: 40.325pt x 40.32242pt.

<images/pgpd/cameraman.png, id=1224, 128.48pt x 128.48pt>
File: images/pgpd/cameraman.png Graphic file (type png)

<use images/pgpd/cameraman.png>
Package pdftex.def Info: images/pgpd/cameraman.png used on input line 267.
(pdftex.def)             Requested size: 40.325pt x 40.32437pt.

<images/pgpd/carhouse.png, id=1225, 256.96pt x 256.96pt>
File: images/pgpd/carhouse.png Graphic file (type png)

<use images/pgpd/carhouse.png>
Package pdftex.def Info: images/pgpd/carhouse.png used on input line 267.
(pdftex.def)             Requested size: 40.325pt x 40.32242pt.

<images/pgpd/couple.png, id=1226, 256.96pt x 256.96pt>
File: images/pgpd/couple.png Graphic file (type png)

<use images/pgpd/couple.png>
Package pdftex.def Info: images/pgpd/couple.png used on input line 267.
(pdftex.def)             Requested size: 40.325pt x 40.32242pt.

<images/pgpd/elaine.png, id=1227, 256.96pt x 256.96pt>
File: images/pgpd/elaine.png Graphic file (type png)

<use images/pgpd/elaine.png>
Package pdftex.def Info: images/pgpd/elaine.png used on input line 267.
(pdftex.def)             Requested size: 40.325pt x 40.32242pt.

<images/pgpd/hat.png, id=1228, 128.48pt x 128.48pt>
File: images/pgpd/hat.png Graphic file (type png)
 <use images/pgpd/hat.png>
Package pdftex.def Info: images/pgpd/hat.png used on input line 267.
(pdftex.def)             Requested size: 40.325pt x 40.32437pt.

<images/pgpd/hill.png, id=1229, 256.96pt x 256.96pt>
File: images/pgpd/hill.png Graphic file (type png)

<use images/pgpd/hill.png>
Package pdftex.def Info: images/pgpd/hill.png used on input line 309.
(pdftex.def)             Requested size: 40.325pt x 40.32242pt.

<images/pgpd/house.png, id=1230, 128.48pt x 128.48pt>
File: images/pgpd/house.png Graphic file (type png)

<use images/pgpd/house.png>
Package pdftex.def Info: images/pgpd/house.png used on input line 309.
(pdftex.def)             Requested size: 40.325pt x 40.32437pt.

<images/pgpd/lake.png, id=1231, 256.96pt x 256.96pt>
File: images/pgpd/lake.png Graphic file (type png)

<use images/pgpd/lake.png>
Package pdftex.def Info: images/pgpd/lake.png used on input line 309.
(pdftex.def)             Requested size: 40.325pt x 40.32242pt.

<images/pgpd/leaves.png, id=1232, 128.48pt x 128.48pt>
File: images/pgpd/leaves.png Graphic file (type png)

<use images/pgpd/leaves.png>
Package pdftex.def Info: images/pgpd/leaves.png used on input line 309.
(pdftex.def)             Requested size: 40.325pt x 40.32437pt.

<images/pgpd/lena.png, id=1233, 256.96pt x 256.96pt>
File: images/pgpd/lena.png Graphic file (type png)

<use images/pgpd/lena.png>
Package pdftex.def Info: images/pgpd/lena.png used on input line 309.
(pdftex.def)             Requested size: 40.325pt x 40.32242pt.
 <images/pgpd/man.png, id=1234, 256.96pt x 256.96pt>
File: images/pgpd/man.png Graphic file (type png)

<use images/pgpd/man.png>
Package pdftex.def Info: images/pgpd/man.png used on input line 309.
(pdftex.def)             Requested size: 40.325pt x 40.32242pt.

<images/pgpd/monarch.png, id=1235, 128.48pt x 128.48pt>
File: images/pgpd/monarch.png Graphic file (type png)

<use images/pgpd/monarch.png>
Package pdftex.def Info: images/pgpd/monarch.png used on input line 309.
(pdftex.def)             Requested size: 40.325pt x 40.32437pt.

<images/pgpd/paint.png, id=1236, 128.48pt x 128.48pt>
File: images/pgpd/paint.png Graphic file (type png)

<use images/pgpd/paint.png>
Package pdftex.def Info: images/pgpd/paint.png used on input line 309.
(pdftex.def)             Requested size: 40.325pt x 40.32437pt.

<images/pgpd/peppers.png, id=1237, 256.96pt x 256.96pt>
File: images/pgpd/peppers.png Graphic file (type png)

<use images/pgpd/peppers.png>
Package pdftex.def Info: images/pgpd/peppers.png used on input line 309.
(pdftex.def)             Requested size: 40.325pt x 40.32242pt.

<images/pgpd/zelda.png, id=1238, 128.48pt x 128.48pt>
File: images/pgpd/zelda.png Graphic file (type png)

<use images/pgpd/zelda.png>
Package pdftex.def Info: images/pgpd/zelda.png used on input line 309.
(pdftex.def)             Requested size: 40.325pt x 40.32437pt.

Overfull \hbox (25.74199pt too wide) in paragraph at lines 318--319
\OT1/txr/m/n/12 are set to $(0\OML/txmi/m/it/12 :\OT1/txr/m/n/12 33\OML/txmi/m/
it/12 ; \OT1/txr/m/n/12 0\OML/txmi/m/it/12 :\OT1/txr/m/n/12 10\OML/txmi/m/it/12
 ; \OT1/txr/m/n/12 0\OML/txmi/m/it/12 :\OT1/txr/m/n/12 79)$, $(0\OML/txmi/m/it/
12 :\OT1/txr/m/n/12 29\OML/txmi/m/it/12 ; \OT1/txr/m/n/12 0\OML/txmi/m/it/12 :\
OT1/txr/m/n/12 09\OML/txmi/m/it/12 ; \OT1/txr/m/n/12 0\OML/txmi/m/it/12 :\OT1/t
xr/m/n/12 73)$, $(0\OML/txmi/m/it/12 :\OT1/txr/m/n/12 19\OML/txmi/m/it/12 ; \OT
1/txr/m/n/12 0\OML/txmi/m/it/12 :\OT1/txr/m/n/12 08\OML/txmi/m/it/12 ; \OT1/txr
/m/n/12 0\OML/txmi/m/it/12 :\OT1/txr/m/n/12 89)$, $(0\OML/txmi/m/it/12 :\OT1/tx
r/m/n/12 15\OML/txmi/m/it/12 ; \OT1/txr/m/n/12 0\OML/txmi/m/it/12 :\OT1/txr/m/n
/12 07\OML/txmi/m/it/12 ; \OT1/txr/m/n/12 0\OML/txmi/m/it/12 :\OT1/txr/m/n/12 9
8)$, $(0\OML/txmi/m/it/12 :\OT1/txr/m/n/12 12\OML/txmi/m/it/12 ; \OT1/txr/m/n/1
2 0\OML/txmi/m/it/12 :\OT1/txr/m/n/12 06\OML/txmi/m/it/12 ; \OT1/txr/m/n/12 1\O
ML/txmi/m/it/12 :\OT1/txr/m/n/12 05)$,
 []

[29 <./images/pgpd/airfield.png (PNG copy)> <./images/pgpd/airplane.png (PNG co
py)> <./images/pgpd/baboon.png (PNG copy)> <./images/pgpd/barbara.png (PNG copy
)> <./images/pgpd/boat.png (PNG copy)> <./images/pgpd/cameraman.png (PNG copy)>
 <./images/pgpd/carhouse.png (PNG copy)> <./images/pgpd/couple.png (PNG copy)> 
<./images/pgpd/elaine.png (PNG copy)> <./images/pgpd/hat.png (PNG copy)> <./ima
ges/pgpd/hill.png (PNG copy)> <./images/pgpd/house.png (PNG copy)> <./images/pg
pd/lake.png (PNG copy)> <./images/pgpd/leaves.png (PNG copy)> <./images/pgpd/le
na.png (PNG copy)> <./images/pgpd/man.png (PNG copy)> <./images/pgpd/monarch.pn
g (PNG copy)> <./images/pgpd/paint.png (PNG copy)> <./images/pgpd/peppers.png (
PNG copy)> <./images/pgpd/zelda.png (PNG copy)>]
Overfull \hbox (21.09497pt too wide) in paragraph at lines 328--404
 [] 
 []

<images/pgpd/pgdpd/br_hill.jpg, id=1249, 513.92pt x 513.92pt>
File: images/pgpd/pgdpd/br_hill.jpg Graphic file (type jpg)

<use images/pgpd/pgdpd/br_hill.jpg>
Package pdftex.def Info: images/pgpd/pgdpd/br_hill.jpg used on input line 430.
(pdftex.def)             Requested size: 107.54016pt x 107.53429pt.

<images/pgpd/pgdpd/br_30_hill.jpg, id=1250, 513.92pt x 513.92pt>
File: images/pgpd/pgdpd/br_30_hill.jpg Graphic file (type jpg)

<use images/pgpd/pgdpd/br_30_hill.jpg>
Package pdftex.def Info: images/pgpd/pgdpd/br_30_hill.jpg used on input line 43
0.
(pdftex.def)             Requested size: 107.54016pt x 107.53429pt.

<images/pgpd/pgdpd/br_GMM65_30_hill.jpg, id=1251, 513.92pt x 513.92pt>
File: images/pgpd/pgdpd/br_GMM65_30_hill.jpg Graphic file (type jpg)

<use images/pgpd/pgdpd/br_GMM65_30_hill.jpg>
Package pdftex.def Info: images/pgpd/pgdpd/br_GMM65_30_hill.jpg used on input l
ine 430.
(pdftex.def)             Requested size: 107.54016pt x 107.53429pt.

<images/pgpd/pgdpd/br_our_30_hill.jpg, id=1252, 513.92pt x 513.92pt>
File: images/pgpd/pgdpd/br_our_30_hill.jpg Graphic file (type jpg)

<use images/pgpd/pgdpd/br_our_30_hill.jpg>
Package pdftex.def Info: images/pgpd/pgdpd/br_our_30_hill.jpg used on input lin
e 430.
(pdftex.def)             Requested size: 107.54016pt x 107.53429pt.

<images/pgpd/pgdpd/br_house.jpg, id=1253, 256.96pt x 256.96pt>
File: images/pgpd/pgdpd/br_house.jpg Graphic file (type jpg)

<use images/pgpd/pgdpd/br_house.jpg>
Package pdftex.def Info: images/pgpd/pgdpd/br_house.jpg used on input line 459.

(pdftex.def)             Requested size: 107.54016pt x 107.54213pt.

<images/pgpd/pgdpd/br_40_house.jpg, id=1254, 256.96pt x 256.96pt>
File: images/pgpd/pgdpd/br_40_house.jpg Graphic file (type jpg)

<use images/pgpd/pgdpd/br_40_house.jpg>
Package pdftex.def Info: images/pgpd/pgdpd/br_40_house.jpg used on input line 4
59.
(pdftex.def)             Requested size: 107.54016pt x 107.54213pt.

<images/pgpd/pgdpd/br_GMM65_40_house.jpg, id=1255, 256.96pt x 256.96pt>
File: images/pgpd/pgdpd/br_GMM65_40_house.jpg Graphic file (type jpg)

<use images/pgpd/pgdpd/br_GMM65_40_house.jpg>
Package pdftex.def Info: images/pgpd/pgdpd/br_GMM65_40_house.jpg used on input 
line 459.
(pdftex.def)             Requested size: 107.54016pt x 107.54213pt.

<images/pgpd/pgdpd/br_our_40_house.jpg, id=1256, 256.96pt x 256.96pt>
File: images/pgpd/pgdpd/br_our_40_house.jpg Graphic file (type jpg)

<use images/pgpd/pgdpd/br_our_40_house.jpg>
Package pdftex.def Info: images/pgpd/pgdpd/br_our_40_house.jpg used on input li
ne 459.
(pdftex.def)             Requested size: 107.54016pt x 107.54213pt.

<images/pgpd/pgdpd/br_barbara.jpg, id=1257, 513.92pt x 513.92pt>
File: images/pgpd/pgdpd/br_barbara.jpg Graphic file (type jpg)

<use images/pgpd/pgdpd/br_barbara.jpg>
Package pdftex.def Info: images/pgpd/pgdpd/br_barbara.jpg used on input line 48
8.
(pdftex.def)             Requested size: 107.54016pt x 107.53429pt.

<images/pgpd/pgdpd/br_50_barbara.jpg, id=1258, 513.92pt x 513.92pt>
File: images/pgpd/pgdpd/br_50_barbara.jpg Graphic file (type jpg)

<use images/pgpd/pgdpd/br_50_barbara.jpg>
Package pdftex.def Info: images/pgpd/pgdpd/br_50_barbara.jpg used on input line
 488.
(pdftex.def)             Requested size: 107.54016pt x 107.53429pt.

<images/pgpd/pgdpd/br_GMM65_50_barbara.jpg, id=1259, 513.92pt x 513.92pt>
File: images/pgpd/pgdpd/br_GMM65_50_barbara.jpg Graphic file (type jpg)

<use images/pgpd/pgdpd/br_GMM65_50_barbara.jpg>
Package pdftex.def Info: images/pgpd/pgdpd/br_GMM65_50_barbara.jpg used on inpu
t line 488.
(pdftex.def)             Requested size: 107.54016pt x 107.53429pt.

<images/pgpd/pgdpd/br_our_50_barbara.jpg, id=1260, 513.92pt x 513.92pt>
File: images/pgpd/pgdpd/br_our_50_barbara.jpg Graphic file (type jpg)

<use images/pgpd/pgdpd/br_our_50_barbara.jpg>
Package pdftex.def Info: images/pgpd/pgdpd/br_our_50_barbara.jpg used on input 
line 488.
(pdftex.def)             Requested size: 107.54016pt x 107.53429pt.

<images/pgpd/pgdpd/br_cameraman.jpg, id=1261, 256.96pt x 256.96pt>
File: images/pgpd/pgdpd/br_cameraman.jpg Graphic file (type jpg)

<use images/pgpd/pgdpd/br_cameraman.jpg>
Package pdftex.def Info: images/pgpd/pgdpd/br_cameraman.jpg used on input line 
517.
(pdftex.def)             Requested size: 107.54016pt x 107.54213pt.

<images/pgpd/pgdpd/br_75_cameraman.jpg, id=1262, 256.96pt x 256.96pt>
File: images/pgpd/pgdpd/br_75_cameraman.jpg Graphic file (type jpg)

<use images/pgpd/pgdpd/br_75_cameraman.jpg>
Package pdftex.def Info: images/pgpd/pgdpd/br_75_cameraman.jpg used on input li
ne 517.
(pdftex.def)             Requested size: 107.54016pt x 107.54213pt.

<images/pgpd/pgdpd/br_GMM65_75_cameraman.jpg, id=1263, 256.96pt x 256.96pt>
File: images/pgpd/pgdpd/br_GMM65_75_cameraman.jpg Graphic file (type jpg)

<use images/pgpd/pgdpd/br_GMM65_75_cameraman.jpg>
Package pdftex.def Info: images/pgpd/pgdpd/br_GMM65_75_cameraman.jpg used on in
put line 517.
(pdftex.def)             Requested size: 107.54016pt x 107.54213pt.

<images/pgpd/pgdpd/br_our_75_cameraman.jpg, id=1264, 256.96pt x 256.96pt>
File: images/pgpd/pgdpd/br_our_75_cameraman.jpg Graphic file (type jpg)

<use images/pgpd/pgdpd/br_our_75_cameraman.jpg>
Package pdftex.def Info: images/pgpd/pgdpd/br_our_75_cameraman.jpg used on inpu
t line 517.
(pdftex.def)             Requested size: 107.54016pt x 107.54213pt.

Underfull \vbox (badness 1715) has occurred while \output is active []

 [30 <./images/pgpd/pgdpd/br_hill.jpg> <./images/pgpd/pgdpd/br_30_hill.jpg> <./
images/pgpd/pgdpd/br_GMM65_30_hill.jpg> <./images/pgpd/pgdpd/br_our_30_hill.jpg
> <./images/pgpd/pgdpd/br_house.jpg> <./images/pgpd/pgdpd/br_40_house.jpg> <./i
mages/pgpd/pgdpd/br_GMM65_40_house.jpg> <./images/pgpd/pgdpd/br_our_40_house.jp
g>]

LaTeX Warning: Text page 31 contains only floats.


Underfull \vbox (badness 4872) has occurred while \output is active []

 [31 <./images/pgpd/pgdpd/br_barbara.jpg> <./images/pgpd/pgdpd/br_50_barbara.jp
g> <./images/pgpd/pgdpd/br_GMM65_50_barbara.jpg> <./images/pgpd/pgdpd/br_our_50
_barbara.jpg>]
Overfull \hbox (9.63278pt too wide) in paragraph at lines 530--531
[]\OT1/txr/bx/n/12 PSNR\OT1/txr/m/n/12 . In Ta-bles [][]2.2[][]-[][]2.4[][], we
 present the PSNR re-sults on four noise lev-els $\OML/txmi/m/it/12 ^^[ \OT1/tx
r/m/n/12 = 30\OML/txmi/m/it/12 ; \OT1/txr/m/n/12 40\OML/txmi/m/it/12 ; \OT1/txr
/m/n/12 50\OML/txmi/m/it/12 ; \OT1/txr/m/n/12 75$.
 []

[32 <./images/pgpd/pgdpd/br_cameraman.jpg> <./images/pgpd/pgdpd/br_75_cameraman
.jpg> <./images/pgpd/pgdpd/br_GMM65_75_cameraman.jpg> <./images/pgpd/pgdpd/br_o
ur_75_cameraman.jpg>]
Underfull \vbox (badness 10000) has occurred while \output is active []

 [33]
Overfull \hbox (11.29967pt too wide) in paragraph at lines 544--618
 [] 
 []


Overfull \hbox (11.29967pt too wide) in paragraph at lines 629--703
 [] 
 []


Overfull \hbox (11.29967pt too wide) in paragraph at lines 714--788
 [] 
 []

<images/pgpd/br_couple30.jpg, id=1302, 513.92pt x 513.92pt>
File: images/pgpd/br_couple30.jpg Graphic file (type jpg)

<use images/pgpd/br_couple30.jpg>
Package pdftex.def Info: images/pgpd/br_couple30.jpg used on input line 887.
(pdftex.def)             Requested size: 107.54016pt x 107.53429pt.

<images/pgpd/br_30_couple.jpg, id=1303, 513.92pt x 513.92pt>
File: images/pgpd/br_30_couple.jpg Graphic file (type jpg)

<use images/pgpd/br_30_couple.jpg>
Package pdftex.def Info: images/pgpd/br_30_couple.jpg used on input line 887.
(pdftex.def)             Requested size: 107.54016pt x 107.53429pt.

<images/pgpd/br_BM3D_30_couple.jpg, id=1304, 513.92pt x 513.92pt>
File: images/pgpd/br_BM3D_30_couple.jpg Graphic file (type jpg)

<use images/pgpd/br_BM3D_30_couple.jpg>
Package pdftex.def Info: images/pgpd/br_BM3D_30_couple.jpg used on input line 8
87.
(pdftex.def)             Requested size: 107.54016pt x 107.53429pt.

<images/pgpd/br_LSSC_30_couple.jpg, id=1305, 513.92pt x 513.92pt>
File: images/pgpd/br_LSSC_30_couple.jpg Graphic file (type jpg)

<use images/pgpd/br_LSSC_30_couple.jpg>
Package pdftex.def Info: images/pgpd/br_LSSC_30_couple.jpg used on input line 8
87.
(pdftex.def)             Requested size: 107.54016pt x 107.53429pt.

<images/pgpd/br_EPLL_30_couple.jpg, id=1306, 513.92pt x 513.92pt>
File: images/pgpd/br_EPLL_30_couple.jpg Graphic file (type jpg)

<use images/pgpd/br_EPLL_30_couple.jpg>
Package pdftex.def Info: images/pgpd/br_EPLL_30_couple.jpg used on input line 9
09.
(pdftex.def)             Requested size: 107.54016pt x 107.53429pt.

<images/pgpd/br_NCSR_30_couple.jpg, id=1307, 513.92pt x 513.92pt>
File: images/pgpd/br_NCSR_30_couple.jpg Graphic file (type jpg)

<use images/pgpd/br_NCSR_30_couple.jpg>
Package pdftex.def Info: images/pgpd/br_NCSR_30_couple.jpg used on input line 9
09.
(pdftex.def)             Requested size: 107.54016pt x 107.53429pt.

<images/pgpd/br_WNNM_30_couple.jpg, id=1308, 513.92pt x 513.92pt>
File: images/pgpd/br_WNNM_30_couple.jpg Graphic file (type jpg)

<use images/pgpd/br_WNNM_30_couple.jpg>
Package pdftex.def Info: images/pgpd/br_WNNM_30_couple.jpg used on input line 9
09.
(pdftex.def)             Requested size: 107.54016pt x 107.53429pt.

<images/pgpd/br_our_30_couple.jpg, id=1309, 513.92pt x 513.92pt>
File: images/pgpd/br_our_30_couple.jpg Graphic file (type jpg)

<use images/pgpd/br_our_30_couple.jpg>
Package pdftex.def Info: images/pgpd/br_our_30_couple.jpg used on input line 90
9.
(pdftex.def)             Requested size: 107.54016pt x 107.53429pt.

<images/pgpd/br_house.jpg, id=1310, 256.96pt x 256.96pt>
File: images/pgpd/br_house.jpg Graphic file (type jpg)

<use images/pgpd/br_house.jpg>
Package pdftex.def Info: images/pgpd/br_house.jpg used on input line 937.
(pdftex.def)             Requested size: 107.54016pt x 107.54213pt.

<images/pgpd/br_40_house.jpg, id=1311, 256.96pt x 256.96pt>
File: images/pgpd/br_40_house.jpg Graphic file (type jpg)

<use images/pgpd/br_40_house.jpg>
Package pdftex.def Info: images/pgpd/br_40_house.jpg used on input line 937.
(pdftex.def)             Requested size: 107.54016pt x 107.54213pt.

<images/pgpd/br_BM3D_40_house.jpg, id=1312, 256.96pt x 256.96pt>
File: images/pgpd/br_BM3D_40_house.jpg Graphic file (type jpg)

<use images/pgpd/br_BM3D_40_house.jpg>
Package pdftex.def Info: images/pgpd/br_BM3D_40_house.jpg used on input line 93
7.
(pdftex.def)             Requested size: 107.54016pt x 107.54213pt.

<images/pgpd/br_LSSC_40_house.jpg, id=1313, 256.96pt x 256.96pt>
File: images/pgpd/br_LSSC_40_house.jpg Graphic file (type jpg)

<use images/pgpd/br_LSSC_40_house.jpg>
Package pdftex.def Info: images/pgpd/br_LSSC_40_house.jpg used on input line 93
7.
(pdftex.def)             Requested size: 107.54016pt x 107.54213pt.

<images/pgpd/br_EPLL_40_house.jpg, id=1314, 256.96pt x 256.96pt>
File: images/pgpd/br_EPLL_40_house.jpg Graphic file (type jpg)

<use images/pgpd/br_EPLL_40_house.jpg>
Package pdftex.def Info: images/pgpd/br_EPLL_40_house.jpg used on input line 95
9.
(pdftex.def)             Requested size: 107.54016pt x 107.54213pt.

<images/pgpd/br_NCSR_40_house.jpg, id=1315, 256.96pt x 256.96pt>
File: images/pgpd/br_NCSR_40_house.jpg Graphic file (type jpg)

<use images/pgpd/br_NCSR_40_house.jpg>
Package pdftex.def Info: images/pgpd/br_NCSR_40_house.jpg used on input line 95
9.
(pdftex.def)             Requested size: 107.54016pt x 107.54213pt.

<images/pgpd/br_WNNM_40_house.jpg, id=1316, 256.96pt x 256.96pt>
File: images/pgpd/br_WNNM_40_house.jpg Graphic file (type jpg)

<use images/pgpd/br_WNNM_40_house.jpg>
Package pdftex.def Info: images/pgpd/br_WNNM_40_house.jpg used on input line 95
9.
(pdftex.def)             Requested size: 107.54016pt x 107.54213pt.

<images/pgpd/br_our_40_house.jpg, id=1317, 256.96pt x 256.96pt>
File: images/pgpd/br_our_40_house.jpg Graphic file (type jpg)

<use images/pgpd/br_our_40_house.jpg>
Package pdftex.def Info: images/pgpd/br_our_40_house.jpg used on input line 959
.
(pdftex.def)             Requested size: 107.54016pt x 107.54213pt.

<images/pgpd/br_airplane.png, id=1318, 513.92pt x 513.92pt>
File: images/pgpd/br_airplane.png Graphic file (type png)

<use images/pgpd/br_airplane.png>
Package pdftex.def Info: images/pgpd/br_airplane.png used on input line 988.
(pdftex.def)             Requested size: 107.54016pt x 107.53429pt.

<images/pgpd/br_airplane_50.png, id=1319, 513.92pt x 513.92pt>
File: images/pgpd/br_airplane_50.png Graphic file (type png)

<use images/pgpd/br_airplane_50.png>
Package pdftex.def Info: images/pgpd/br_airplane_50.png used on input line 988.

(pdftex.def)             Requested size: 107.54016pt x 107.53429pt.

<images/pgpd/br_BM3D_50_airplane.png, id=1320, 513.92pt x 513.92pt>
File: images/pgpd/br_BM3D_50_airplane.png Graphic file (type png)

<use images/pgpd/br_BM3D_50_airplane.png>
Package pdftex.def Info: images/pgpd/br_BM3D_50_airplane.png used on input line
 988.
(pdftex.def)             Requested size: 107.54016pt x 107.53429pt.

<images/pgpd/br_LSSC_50_airplane.png, id=1321, 513.92pt x 513.92pt>
File: images/pgpd/br_LSSC_50_airplane.png Graphic file (type png)

<use images/pgpd/br_LSSC_50_airplane.png>
Package pdftex.def Info: images/pgpd/br_LSSC_50_airplane.png used on input line
 988.
(pdftex.def)             Requested size: 107.54016pt x 107.53429pt.

<images/pgpd/br_EPLL_50_airplane.png, id=1322, 513.92pt x 513.92pt>
File: images/pgpd/br_EPLL_50_airplane.png Graphic file (type png)

<use images/pgpd/br_EPLL_50_airplane.png>
Package pdftex.def Info: images/pgpd/br_EPLL_50_airplane.png used on input line
 1010.
(pdftex.def)             Requested size: 107.54016pt x 107.53429pt.

<images/pgpd/br_NCSR_50_airplane.png, id=1323, 513.92pt x 513.92pt>
File: images/pgpd/br_NCSR_50_airplane.png Graphic file (type png)

<use images/pgpd/br_NCSR_50_airplane.png>
Package pdftex.def Info: images/pgpd/br_NCSR_50_airplane.png used on input line
 1010.
(pdftex.def)             Requested size: 107.54016pt x 107.53429pt.

<images/pgpd/br_WNNM_50_airplane.png, id=1324, 513.92pt x 513.92pt>
File: images/pgpd/br_WNNM_50_airplane.png Graphic file (type png)

<use images/pgpd/br_WNNM_50_airplane.png>
Package pdftex.def Info: images/pgpd/br_WNNM_50_airplane.png used on input line
 1010.
(pdftex.def)             Requested size: 107.54016pt x 107.53429pt.

<images/pgpd/br_our_50_airplane.png, id=1325, 513.92pt x 513.92pt>
File: images/pgpd/br_our_50_airplane.png Graphic file (type png)

<use images/pgpd/br_our_50_airplane.png>
Package pdftex.def Info: images/pgpd/br_our_50_airplane.png used on input line 
1010.
(pdftex.def)             Requested size: 107.54016pt x 107.53429pt.

<images/pgpd/br_cameraman.png, id=1326, 256.96pt x 256.96pt>
File: images/pgpd/br_cameraman.png Graphic file (type png)

<use images/pgpd/br_cameraman.png>
Package pdftex.def Info: images/pgpd/br_cameraman.png used on input line 1039.
(pdftex.def)             Requested size: 107.54016pt x 107.54213pt.

<images/pgpd/br_cameraman_75.png, id=1327, 256.96pt x 256.96pt>
File: images/pgpd/br_cameraman_75.png Graphic file (type png)

<use images/pgpd/br_cameraman_75.png>
Package pdftex.def Info: images/pgpd/br_cameraman_75.png used on input line 103
9.
(pdftex.def)             Requested size: 107.54016pt x 107.54213pt.

<images/pgpd/br_BM3D_75_cameraman.png, id=1328, 256.96pt x 256.96pt>
File: images/pgpd/br_BM3D_75_cameraman.png Graphic file (type png)

<use images/pgpd/br_BM3D_75_cameraman.png>
Package pdftex.def Info: images/pgpd/br_BM3D_75_cameraman.png used on input lin
e 1039.
(pdftex.def)             Requested size: 107.54016pt x 107.54213pt.

<images/pgpd/br_LSSC_75_cameraman.png, id=1329, 256.96pt x 256.96pt>
File: images/pgpd/br_LSSC_75_cameraman.png Graphic file (type png)

<use images/pgpd/br_LSSC_75_cameraman.png>
Package pdftex.def Info: images/pgpd/br_LSSC_75_cameraman.png used on input lin
e 1039.
(pdftex.def)             Requested size: 107.54016pt x 107.54213pt.

<images/pgpd/br_EPLL_75_cameraman.png, id=1330, 256.96pt x 256.96pt>
File: images/pgpd/br_EPLL_75_cameraman.png Graphic file (type png)

<use images/pgpd/br_EPLL_75_cameraman.png>
Package pdftex.def Info: images/pgpd/br_EPLL_75_cameraman.png used on input lin
e 1061.
(pdftex.def)             Requested size: 107.54016pt x 107.54213pt.

<images/pgpd/br_NCSR_75_cameraman.png, id=1331, 256.96pt x 256.96pt>
File: images/pgpd/br_NCSR_75_cameraman.png Graphic file (type png)

<use images/pgpd/br_NCSR_75_cameraman.png>
Package pdftex.def Info: images/pgpd/br_NCSR_75_cameraman.png used on input lin
e 1061.
(pdftex.def)             Requested size: 107.54016pt x 107.54213pt.

<images/pgpd/br_WNNM_75_cameraman.png, id=1332, 256.96pt x 256.96pt>
File: images/pgpd/br_WNNM_75_cameraman.png Graphic file (type png)

<use images/pgpd/br_WNNM_75_cameraman.png>
Package pdftex.def Info: images/pgpd/br_WNNM_75_cameraman.png used on input lin
e 1061.
(pdftex.def)             Requested size: 107.54016pt x 107.54213pt.

<images/pgpd/br_our_75_cameraman.png, id=1333, 256.96pt x 256.96pt>
File: images/pgpd/br_our_75_cameraman.png Graphic file (type png)

<use images/pgpd/br_our_75_cameraman.png>
Package pdftex.def Info: images/pgpd/br_our_75_cameraman.png used on input line
 1061.
(pdftex.def)             Requested size: 107.54016pt x 107.54213pt.

Underfull \vbox (badness 10000) has occurred while \output is active []

 [34]
[35] <images/pgpd/200img/br_3063.jpg, id=1347, 322.20375pt x 322.20375pt>
File: images/pgpd/200img/br_3063.jpg Graphic file (type jpg)

<use images/pgpd/200img/br_3063.jpg>
Package pdftex.def Info: images/pgpd/200img/br_3063.jpg used on input line 1129
.
(pdftex.def)             Requested size: 107.54016pt x 107.54192pt.

<images/pgpd/200img/br_30_3063.jpg, id=1348, 322.20375pt x 322.20375pt>
File: images/pgpd/200img/br_30_3063.jpg Graphic file (type jpg)

<use images/pgpd/200img/br_30_3063.jpg>
Package pdftex.def Info: images/pgpd/200img/br_30_3063.jpg used on input line 1
129.
(pdftex.def)             Requested size: 107.54016pt x 107.54192pt.

<images/pgpd/200img/br_BM3D_30_3063.jpg, id=1349, 322.20375pt x 322.20375pt>
File: images/pgpd/200img/br_BM3D_30_3063.jpg Graphic file (type jpg)

<use images/pgpd/200img/br_BM3D_30_3063.jpg>
Package pdftex.def Info: images/pgpd/200img/br_BM3D_30_3063.jpg used on input l
ine 1129.
(pdftex.def)             Requested size: 107.54016pt x 107.54192pt.

<images/pgpd/200img/br_LSSC_30_3063.jpg, id=1350, 322.20375pt x 322.20375pt>
File: images/pgpd/200img/br_LSSC_30_3063.jpg Graphic file (type jpg)

<use images/pgpd/200img/br_LSSC_30_3063.jpg>
Package pdftex.def Info: images/pgpd/200img/br_LSSC_30_3063.jpg used on input l
ine 1129.
(pdftex.def)             Requested size: 107.54016pt x 107.54192pt.

<images/pgpd/200img/br_EPLL_30_3063.jpg, id=1351, 322.20375pt x 322.20375pt>
File: images/pgpd/200img/br_EPLL_30_3063.jpg Graphic file (type jpg)

<use images/pgpd/200img/br_EPLL_30_3063.jpg>
Package pdftex.def Info: images/pgpd/200img/br_EPLL_30_3063.jpg used on input l
ine 1151.
(pdftex.def)             Requested size: 107.54016pt x 107.54192pt.

<images/pgpd/200img/br_NCSR_30_3063.jpg, id=1352, 322.20375pt x 322.20375pt>
File: images/pgpd/200img/br_NCSR_30_3063.jpg Graphic file (type jpg)

<use images/pgpd/200img/br_NCSR_30_3063.jpg>
Package pdftex.def Info: images/pgpd/200img/br_NCSR_30_3063.jpg used on input l
ine 1151.
(pdftex.def)             Requested size: 107.54016pt x 107.54192pt.

<images/pgpd/200img/br_WNNM_30_3063.jpg, id=1353, 322.20375pt x 322.20375pt>
File: images/pgpd/200img/br_WNNM_30_3063.jpg Graphic file (type jpg)

<use images/pgpd/200img/br_WNNM_30_3063.jpg>
Package pdftex.def Info: images/pgpd/200img/br_WNNM_30_3063.jpg used on input l
ine 1151.
(pdftex.def)             Requested size: 107.54016pt x 107.54192pt.

<images/pgpd/200img/br_our_30_3063.jpg, id=1354, 322.20375pt x 322.20375pt>
File: images/pgpd/200img/br_our_30_3063.jpg Graphic file (type jpg)

<use images/pgpd/200img/br_our_30_3063.jpg>
Package pdftex.def Info: images/pgpd/200img/br_our_30_3063.jpg used on input li
ne 1151.
(pdftex.def)             Requested size: 107.54016pt x 107.54192pt.

<images/pgpd/200img/br_29030.jpg, id=1355, 322.20375pt x 322.20375pt>
File: images/pgpd/200img/br_29030.jpg Graphic file (type jpg)

<use images/pgpd/200img/br_29030.jpg>
Package pdftex.def Info: images/pgpd/200img/br_29030.jpg used on input line 118
0.
(pdftex.def)             Requested size: 107.54016pt x 107.54192pt.

<images/pgpd/200img/br_40_29030.jpg, id=1356, 322.20375pt x 322.20375pt>
File: images/pgpd/200img/br_40_29030.jpg Graphic file (type jpg)

<use images/pgpd/200img/br_40_29030.jpg>
Package pdftex.def Info: images/pgpd/200img/br_40_29030.jpg used on input line 
1180.
(pdftex.def)             Requested size: 107.54016pt x 107.54192pt.

<images/pgpd/200img/br_BM3D_40_29030.jpg, id=1357, 322.20375pt x 322.20375pt>
File: images/pgpd/200img/br_BM3D_40_29030.jpg Graphic file (type jpg)

<use images/pgpd/200img/br_BM3D_40_29030.jpg>
Package pdftex.def Info: images/pgpd/200img/br_BM3D_40_29030.jpg used on input 
line 1180.
(pdftex.def)             Requested size: 107.54016pt x 107.54192pt.

<images/pgpd/200img/br_LSSC_40_29030.jpg, id=1358, 322.20375pt x 322.20375pt>
File: images/pgpd/200img/br_LSSC_40_29030.jpg Graphic file (type jpg)

<use images/pgpd/200img/br_LSSC_40_29030.jpg>
Package pdftex.def Info: images/pgpd/200img/br_LSSC_40_29030.jpg used on input 
line 1180.
(pdftex.def)             Requested size: 107.54016pt x 107.54192pt.

<images/pgpd/200img/br_EPLL_40_29030.jpg, id=1359, 322.20375pt x 322.20375pt>
File: images/pgpd/200img/br_EPLL_40_29030.jpg Graphic file (type jpg)

<use images/pgpd/200img/br_EPLL_40_29030.jpg>
Package pdftex.def Info: images/pgpd/200img/br_EPLL_40_29030.jpg used on input 
line 1202.
(pdftex.def)             Requested size: 107.54016pt x 107.54192pt.

<images/pgpd/200img/br_NCSR_40_29030.jpg, id=1360, 322.20375pt x 322.20375pt>
File: images/pgpd/200img/br_NCSR_40_29030.jpg Graphic file (type jpg)

<use images/pgpd/200img/br_NCSR_40_29030.jpg>
Package pdftex.def Info: images/pgpd/200img/br_NCSR_40_29030.jpg used on input 
line 1202.
(pdftex.def)             Requested size: 107.54016pt x 107.54192pt.

<images/pgpd/200img/br_WNNM_40_29030.jpg, id=1361, 322.20375pt x 322.20375pt>
File: images/pgpd/200img/br_WNNM_40_29030.jpg Graphic file (type jpg)

<use images/pgpd/200img/br_WNNM_40_29030.jpg>
Package pdftex.def Info: images/pgpd/200img/br_WNNM_40_29030.jpg used on input 
line 1202.
(pdftex.def)             Requested size: 107.54016pt x 107.54192pt.

<images/pgpd/200img/br_our_40_29030.jpg, id=1362, 322.20375pt x 322.20375pt>
File: images/pgpd/200img/br_our_40_29030.jpg Graphic file (type jpg)

<use images/pgpd/200img/br_our_40_29030.jpg>
Package pdftex.def Info: images/pgpd/200img/br_our_40_29030.jpg used on input l
ine 1202.
(pdftex.def)             Requested size: 107.54016pt x 107.54192pt.

<images/pgpd/200img/br_258089.jpg, id=1363, 322.20375pt x 322.20375pt>
File: images/pgpd/200img/br_258089.jpg Graphic file (type jpg)

<use images/pgpd/200img/br_258089.jpg>
Package pdftex.def Info: images/pgpd/200img/br_258089.jpg used on input line 12
30.
(pdftex.def)             Requested size: 107.54016pt x 107.54192pt.

<images/pgpd/200img/br_50_258089.jpg, id=1364, 322.20375pt x 322.20375pt>
File: images/pgpd/200img/br_50_258089.jpg Graphic file (type jpg)

<use images/pgpd/200img/br_50_258089.jpg>
Package pdftex.def Info: images/pgpd/200img/br_50_258089.jpg used on input line
 1230.
(pdftex.def)             Requested size: 107.54016pt x 107.54192pt.

<images/pgpd/200img/br_BM3D_50_258089.jpg, id=1365, 322.20375pt x 322.20375pt>
File: images/pgpd/200img/br_BM3D_50_258089.jpg Graphic file (type jpg)

<use images/pgpd/200img/br_BM3D_50_258089.jpg>
Package pdftex.def Info: images/pgpd/200img/br_BM3D_50_258089.jpg used on input
 line 1230.
(pdftex.def)             Requested size: 107.54016pt x 107.54192pt.

<images/pgpd/200img/br_LSSC_50_258089.jpg, id=1366, 322.20375pt x 322.20375pt>
File: images/pgpd/200img/br_LSSC_50_258089.jpg Graphic file (type jpg)

<use images/pgpd/200img/br_LSSC_50_258089.jpg>
Package pdftex.def Info: images/pgpd/200img/br_LSSC_50_258089.jpg used on input
 line 1230.
(pdftex.def)             Requested size: 107.54016pt x 107.54192pt.

<images/pgpd/200img/br_EPLL_50_258089.jpg, id=1367, 322.20375pt x 322.20375pt>
File: images/pgpd/200img/br_EPLL_50_258089.jpg Graphic file (type jpg)

<use images/pgpd/200img/br_EPLL_50_258089.jpg>
Package pdftex.def Info: images/pgpd/200img/br_EPLL_50_258089.jpg used on input
 line 1252.
(pdftex.def)             Requested size: 107.54016pt x 107.54192pt.

<images/pgpd/200img/br_NCSR_50_258089.jpg, id=1368, 322.20375pt x 322.20375pt>
File: images/pgpd/200img/br_NCSR_50_258089.jpg Graphic file (type jpg)

<use images/pgpd/200img/br_NCSR_50_258089.jpg>
Package pdftex.def Info: images/pgpd/200img/br_NCSR_50_258089.jpg used on input
 line 1252.
(pdftex.def)             Requested size: 107.54016pt x 107.54192pt.

<images/pgpd/200img/br_WNNM_50_258089.jpg, id=1369, 322.20375pt x 322.20375pt>
File: images/pgpd/200img/br_WNNM_50_258089.jpg Graphic file (type jpg)

<use images/pgpd/200img/br_WNNM_50_258089.jpg>
Package pdftex.def Info: images/pgpd/200img/br_WNNM_50_258089.jpg used on input
 line 1252.
(pdftex.def)             Requested size: 107.54016pt x 107.54192pt.

<images/pgpd/200img/br_our_50_258089.jpg, id=1370, 322.20375pt x 322.20375pt>
File: images/pgpd/200img/br_our_50_258089.jpg Graphic file (type jpg)

<use images/pgpd/200img/br_our_50_258089.jpg>
Package pdftex.def Info: images/pgpd/200img/br_our_50_258089.jpg used on input 
line 1252.
(pdftex.def)             Requested size: 107.54016pt x 107.54192pt.

<images/pgpd/200img/br_5096.jpg, id=1371, 322.20375pt x 322.20375pt>
File: images/pgpd/200img/br_5096.jpg Graphic file (type jpg)

<use images/pgpd/200img/br_5096.jpg>
Package pdftex.def Info: images/pgpd/200img/br_5096.jpg used on input line 1280
.
(pdftex.def)             Requested size: 107.54016pt x 107.54192pt.

<images/pgpd/200img/br_75_5096.jpg, id=1372, 322.20375pt x 322.20375pt>
File: images/pgpd/200img/br_75_5096.jpg Graphic file (type jpg)

<use images/pgpd/200img/br_75_5096.jpg>
Package pdftex.def Info: images/pgpd/200img/br_75_5096.jpg used on input line 1
280.
(pdftex.def)             Requested size: 107.54016pt x 107.54192pt.

<images/pgpd/200img/br_BM3D_75_5096.jpg, id=1373, 322.20375pt x 322.20375pt>
File: images/pgpd/200img/br_BM3D_75_5096.jpg Graphic file (type jpg)

<use images/pgpd/200img/br_BM3D_75_5096.jpg>
Package pdftex.def Info: images/pgpd/200img/br_BM3D_75_5096.jpg used on input l
ine 1280.
(pdftex.def)             Requested size: 107.54016pt x 107.54192pt.

<images/pgpd/200img/br_LSSC_75_5096.jpg, id=1374, 322.20375pt x 322.20375pt>
File: images/pgpd/200img/br_LSSC_75_5096.jpg Graphic file (type jpg)

<use images/pgpd/200img/br_LSSC_75_5096.jpg>
Package pdftex.def Info: images/pgpd/200img/br_LSSC_75_5096.jpg used on input l
ine 1280.
(pdftex.def)             Requested size: 107.54016pt x 107.54192pt.

<images/pgpd/200img/br_EPLL_75_5096.jpg, id=1375, 322.20375pt x 322.20375pt>
File: images/pgpd/200img/br_EPLL_75_5096.jpg Graphic file (type jpg)

<use images/pgpd/200img/br_EPLL_75_5096.jpg>
Package pdftex.def Info: images/pgpd/200img/br_EPLL_75_5096.jpg used on input l
ine 1302.
(pdftex.def)             Requested size: 107.54016pt x 107.54192pt.

<images/pgpd/200img/br_NCSR_75_5096.jpg, id=1376, 322.20375pt x 322.20375pt>
File: images/pgpd/200img/br_NCSR_75_5096.jpg Graphic file (type jpg)

<use images/pgpd/200img/br_NCSR_75_5096.jpg>
Package pdftex.def Info: images/pgpd/200img/br_NCSR_75_5096.jpg used on input l
ine 1302.
(pdftex.def)             Requested size: 107.54016pt x 107.54192pt.

<images/pgpd/200img/br_WNNM_75_5096.jpg, id=1377, 322.20375pt x 322.20375pt>
File: images/pgpd/200img/br_WNNM_75_5096.jpg Graphic file (type jpg)

<use images/pgpd/200img/br_WNNM_75_5096.jpg>
Package pdftex.def Info: images/pgpd/200img/br_WNNM_75_5096.jpg used on input l
ine 1302.
(pdftex.def)             Requested size: 107.54016pt x 107.54192pt.

<images/pgpd/200img/br_our_75_5096.jpg, id=1378, 322.20375pt x 322.20375pt>
File: images/pgpd/200img/br_our_75_5096.jpg Graphic file (type jpg)

<use images/pgpd/200img/br_our_75_5096.jpg>
Package pdftex.def Info: images/pgpd/200img/br_our_75_5096.jpg used on input li
ne 1302.
(pdftex.def)             Requested size: 107.54016pt x 107.54192pt.
) [36] [37] [38 <./images/pgpd/br_couple30.jpg> <./images/pgpd/br_30_couple.jpg
> <./images/pgpd/br_BM3D_30_couple.jpg> <./images/pgpd/br_LSSC_30_couple.jpg> <
./images/pgpd/br_EPLL_30_couple.jpg> <./images/pgpd/br_NCSR_30_couple.jpg> <./i
mages/pgpd/br_WNNM_30_couple.jpg> <./images/pgpd/br_our_30_couple.jpg> <./image
s/pgpd/br_house.jpg> <./images/pgpd/br_40_house.jpg> <./images/pgpd/br_BM3D_40_
house.jpg> <./images/pgpd/br_LSSC_40_house.jpg> <./images/pgpd/br_EPLL_40_house
.jpg> <./images/pgpd/br_NCSR_40_house.jpg> <./images/pgpd/br_WNNM_40_house.jpg>
 <./images/pgpd/br_our_40_house.jpg>] [39 <./images/pgpd/br_airplane.png (PNG c
opy)> <./images/pgpd/br_airplane_50.png (PNG copy)> <./images/pgpd/br_BM3D_50_a
irplane.png (PNG copy)> <./images/pgpd/br_LSSC_50_airplane.png (PNG copy)> <./i
mages/pgpd/br_EPLL_50_airplane.png (PNG copy)> <./images/pgpd/br_NCSR_50_airpla
ne.png (PNG copy)> <./images/pgpd/br_WNNM_50_airplane.png (PNG copy)> <./images
/pgpd/br_our_50_airplane.png (PNG copy)> <./images/pgpd/br_cameraman.png (PNG c
opy)> <./images/pgpd/br_cameraman_75.png (PNG copy)> <./images/pgpd/br_BM3D_75_
cameraman.png (PNG copy)> <./images/pgpd/br_LSSC_75_cameraman.png (PNG copy)> <
./images/pgpd/br_EPLL_75_cameraman.png (PNG copy)> <./images/pgpd/br_NCSR_75_ca
meraman.png (PNG copy)> <./images/pgpd/br_WNNM_75_cameraman.png (PNG copy)> <./
images/pgpd/br_our_75_cameraman.png (PNG copy)>] [40 <./images/pgpd/200img/br_3
063.jpg> <./images/pgpd/200img/br_30_3063.jpg> <./images/pgpd/200img/br_BM3D_30
_3063.jpg> <./images/pgpd/200img/br_LSSC_30_3063.jpg> <./images/pgpd/200img/br_
EPLL_30_3063.jpg> <./images/pgpd/200img/br_NCSR_30_3063.jpg> <./images/pgpd/200
img/br_WNNM_30_3063.jpg> <./images/pgpd/200img/br_our_30_3063.jpg>] [41 <./imag
es/pgpd/200img/br_29030.jpg> <./images/pgpd/200img/br_40_29030.jpg> <./images/p
gpd/200img/br_BM3D_40_29030.jpg> <./images/pgpd/200img/br_LSSC_40_29030.jpg> <.
/images/pgpd/200img/br_EPLL_40_29030.jpg> <./images/pgpd/200img/br_NCSR_40_2903
0.jpg> <./images/pgpd/200img/br_WNNM_40_29030.jpg> <./images/pgpd/200img/br_our
_40_29030.jpg> <./images/pgpd/200img/br_258089.jpg> <./images/pgpd/200img/br_50
_258089.jpg> <./images/pgpd/200img/br_BM3D_50_258089.jpg> <./images/pgpd/200img
/br_LSSC_50_258089.jpg> <./images/pgpd/200img/br_EPLL_50_258089.jpg> <./images/
pgpd/200img/br_NCSR_50_258089.jpg> <./images/pgpd/200img/br_WNNM_50_258089.jpg>
 <./images/pgpd/200img/br_our_50_258089.jpg>] [42 <./images/pgpd/200img/br_5096
.jpg> <./images/pgpd/200img/br_75_5096.jpg> <./images/pgpd/200img/br_BM3D_75_50
96.jpg> <./images/pgpd/200img/br_LSSC_75_5096.jpg> <./images/pgpd/200img/br_EPL
L_75_5096.jpg> <./images/pgpd/200img/br_NCSR_75_5096.jpg> <./images/pgpd/200img
/br_WNNM_75_5096.jpg> <./images/pgpd/200img/br_our_75_5096.jpg>]
\openout2 = `chapter3.aux'.

 (./chapter3.tex
Chapter 3.

Underfull \vbox (badness 10000) has occurred while \output is active []

 [43



]
Underfull \vbox (badness 10000) has occurred while \output is active []

 [44]
<images/guided/resize_br_Noisy_CC_Noisy_Nikon_D800_ISO_3200_A3_66.png, id=1592,
 200.75pt x 200.75pt>
File: images/guided/resize_br_Noisy_CC_Noisy_Nikon_D800_ISO_3200_A3_66.png Grap
hic file (type png)

<use images/guided/resize_br_Noisy_CC_Noisy_Nikon_D800_ISO_3200_A3_66.png>
Package pdftex.def Info: images/guided/resize_br_Noisy_CC_Noisy_Nikon_D800_ISO_
3200_A3_66.png used on input line 62.
(pdftex.def)             Requested size: 85.1351pt x 85.13535pt.

<images/guided/resize_br_CBM3D_CC_Noisy_Nikon_D800_ISO_3200_A3_66.png, id=1593,
 200.75pt x 200.75pt>
File: images/guided/resize_br_CBM3D_CC_Noisy_Nikon_D800_ISO_3200_A3_66.png Grap
hic file (type png)

<use images/guided/resize_br_CBM3D_CC_Noisy_Nikon_D800_ISO_3200_A3_66.png>
Package pdftex.def Info: images/guided/resize_br_CBM3D_CC_Noisy_Nikon_D800_ISO_
3200_A3_66.png used on input line 62.
(pdftex.def)             Requested size: 85.1351pt x 85.13535pt.

<images/guided/resize_br_WNNM_CC_Noisy_Nikon_D800_ISO_3200_A3_66.png, id=1594, 
200.75pt x 200.75pt>
File: images/guided/resize_br_WNNM_CC_Noisy_Nikon_D800_ISO_3200_A3_66.png Graph
ic file (type png)

<use images/guided/resize_br_WNNM_CC_Noisy_Nikon_D800_ISO_3200_A3_66.png>
Package pdftex.def Info: images/guided/resize_br_WNNM_CC_Noisy_Nikon_D800_ISO_3
200_A3_66.png used on input line 62.
(pdftex.def)             Requested size: 85.1351pt x 85.13535pt.

<images/guided/resize_br_CSF_CC_Noisy_Nikon_D800_ISO_3200_A3_66.png, id=1595, 2
00.75pt x 200.75pt>
File: images/guided/resize_br_CSF_CC_Noisy_Nikon_D800_ISO_3200_A3_66.png Graphi
c file (type png)

<use images/guided/resize_br_CSF_CC_Noisy_Nikon_D800_ISO_3200_A3_66.png>
Package pdftex.def Info: images/guided/resize_br_CSF_CC_Noisy_Nikon_D800_ISO_32
00_A3_66.png used on input line 62.
(pdftex.def)             Requested size: 85.1351pt x 85.13535pt.

<images/guided/resize_br_TRD_CC_Noisy_Nikon_D800_ISO_3200_A3_66.png, id=1596, 2
00.75pt x 200.75pt>
File: images/guided/resize_br_TRD_CC_Noisy_Nikon_D800_ISO_3200_A3_66.png Graphi
c file (type png)

<use images/guided/resize_br_TRD_CC_Noisy_Nikon_D800_ISO_3200_A3_66.png>
Package pdftex.def Info: images/guided/resize_br_TRD_CC_Noisy_Nikon_D800_ISO_32
00_A3_66.png used on input line 62.
(pdftex.def)             Requested size: 85.1351pt x 85.13535pt.

<images/guided/resize_br_DnCNN_CC_Noisy_Nikon_D800_ISO_3200_A3_66.png, id=1597,
 200.75pt x 200.75pt>
File: images/guided/resize_br_DnCNN_CC_Noisy_Nikon_D800_ISO_3200_A3_66.png Grap
hic file (type png)

<use images/guided/resize_br_DnCNN_CC_Noisy_N