\BOOKMARK [0][]{Title Page.0}{Title Page}{}% 1
\BOOKMARK [0][]{CERTIFICATE OF ORIGINALITY.0}{CERTIFICATE OF ORIGINALITY}{}% 2
\BOOKMARK [0][]{Abstract.0}{Abstract}{}% 3
\BOOKMARK [0][]{Acknowledgement.0}{Acknowledgement}{}% 4
\BOOKMARK [0][]{chapter.1}{1 Introduction}{}% 5
\BOOKMARK [1][]{section*.8}{1.1 The Image Noise}{chapter.1}% 6
\BOOKMARK [1][]{section*.9}{1.2 The Proposed Methods}{chapter.1}% 7
\BOOKMARK [1][]{section*.10}{1.3 Thesis Structure}{chapter.1}% 8
\BOOKMARK [0][]{chapter.2}{2 Literature Review}{}% 9
\BOOKMARK [1][]{section*.12}{2.1 Synthetic Grayscale Image Denoising}{chapter.2}% 10
\BOOKMARK [1][]{section*.13}{2.2 Realistic Color Image Denoising}{chapter.2}% 11
\BOOKMARK [0][]{chapter.3}{3 External Non-local Self-Similarity Prior for Additive White Gaussian Noise}{}% 12
\BOOKMARK [1][]{section*.15}{3.1 Introduction}{chapter.3}% 13
\BOOKMARK [1][]{section*.18}{3.2 System Design}{chapter.3}% 14
\BOOKMARK [1][]{section*.19}{3.3 Demo System}{chapter.3}% 15
\BOOKMARK [1][]{section*.20}{3.4 Calibration}{chapter.3}% 16
\BOOKMARK [1][]{section*.21}{3.5 Conclusion}{chapter.3}% 17
\BOOKMARK [0][]{chapter.4}{4 External Prior Guided Internal Prior Learning for Real Noisy Image Denoising}{}% 18
\BOOKMARK [1][]{section*.23}{4.1 Learning External Nonlocal Self-Similarity Priors}{chapter.4}% 19
\BOOKMARK [1][]{section*.26}{4.2 System Design}{chapter.4}% 20
\BOOKMARK [1][]{section*.27}{4.3 Demo System}{chapter.4}% 21
\BOOKMARK [1][]{section*.28}{4.4 Calibration}{chapter.4}% 22
\BOOKMARK [1][]{section*.29}{4.5 Conclusion}{chapter.4}% 23
\BOOKMARK [0][]{chapter.5}{5 Internal Nonlocal Self-Similarity Prior for Real Color Image Denoising: A Low Rank based Method}{}% 24
\BOOKMARK [1][]{section*.31}{5.1 Introduction}{chapter.5}% 25
\BOOKMARK [1][]{section*.32}{5.2 Related Work}{chapter.5}% 26
\BOOKMARK [1][]{section*.33}{5.3 Method}{chapter.5}% 27
\BOOKMARK [1][]{section*.34}{5.4 Experimental Results}{chapter.5}% 28
\BOOKMARK [1][]{section*.35}{5.5 Summary}{chapter.5}% 29
\BOOKMARK [0][]{chapter.6}{6 Internal Nonlocal Self-Similarity Prior for Real Color Image Denoising: A Sparse Coding based ethod}{}% 30
\BOOKMARK [1][]{section*.37}{6.1 Introduction}{chapter.6}% 31
\BOOKMARK [1][]{section*.38}{6.2 Related Work}{chapter.6}% 32
\BOOKMARK [1][]{section*.39}{6.3 Summary}{chapter.6}% 33
\BOOKMARK [0][]{chapter.7}{7 A Large Real Noisy Image Dataset, with A Comprehensive Evaluation of State-of-the-arts}{}% 34
\BOOKMARK [1][]{section*.41}{7.1 Introduction}{chapter.7}% 35
\BOOKMARK [1][]{section*.42}{7.2 Related Work}{chapter.7}% 36
\BOOKMARK [1][]{section*.43}{7.3 Summary}{chapter.7}% 37
\BOOKMARK [0][]{chapter.8}{8 Conclusions}{}% 38
\BOOKMARK [1][]{section*.45}{8.1 Section 1}{chapter.8}% 39
\BOOKMARK [1][]{section*.46}{8.2 Section 2}{chapter.8}% 40
\BOOKMARK [1][]{section*.47}{8.3 Future Work}{chapter.8}% 41
